22:08:56 **** Build of configuration Default for project testOS ****
make all 

================= Build Boot Loader =================

make -C 00.BootLoader
make[1]: Entering directory '/cygdrive/z/OS/testOS/00.BootLoader'
make[1]: Nothing to be done for 'all'.
make[1]: Leaving directory '/cygdrive/z/OS/testOS/00.BootLoader'

================= Build Complete =================


================= Disk Image Build Start =================

cp 00.BootLoader/BootLoader.bin Disk.img

================= All Build Complete =================

22:50:13 **** Incremental Build of configuration Default for project testOS ****
make all 

================= Build Boot Loader =================

make -C 00.BootLoader
make[1]: Entering directory '/cygdrive/z/OS/testOS/00.BootLoader'
make[1]: Nothing to be done for 'all'.
make[1]: Leaving directory '/cygdrive/z/OS/testOS/00.BootLoader'

================= Build Complete =================

22:52:28 **** Incremental Build of configuration Default for project testOS ****
make all 

================= Build Boot Loader =================

make -C 00.BootLoader
make[1]: Entering directory '/cygdrive/z/OS/testOS/00.BootLoader'
make[1]: Nothing to be done for 'all'.
make[1]: Leaving directory '/cygdrive/z/OS/testOS/00.BootLoader'

================= Build Complete =================

make: *** No rule to make target '01.Kernel32/Kernel32.bin', needed by 'Disk.img'.  Stop.
22:54:49 **** Incremental Build of configuration Default for project testOS ****
make all 

================= Build Boot Loader =================

make -C 00.BootLoader
make[1]: Entering directory '/cygdrive/z/OS/testOS/00.BootLoader'
make[1]: Nothing to be done for 'all'.
make[1]: Leaving directory '/cygdrive/z/OS/testOS/00.BootLoader'

================= Build Complete =================

make: *** No rule to make target '01.Kernel32/Kernel32.bin', needed by 'Disk.img'.  Stop.
22:55:04 **** Incremental Build of configuration Default for project testOS ****
make all 

================= Build Boot Loader =================

make -C 00.BootLoader
make[1]: Entering directory '/cygdrive/z/OS/testOS/00.BootLoader'
make[1]: Nothing to be done for 'all'.
make[1]: Leaving directory '/cygdrive/z/OS/testOS/00.BootLoader'

================= Build Complete =================

make: *** No rule to make target '01.Kernel32/Kernel32.bin', needed by 'Disk.img'.  Stop.
22:56:41 **** Incremental Build of configuration Default for project testOS ****
make all 

================= Build Boot Loader =================

make -C 00.BootLoader
make[1]: Entering directory '/cygdrive/z/OS/testOS/00.BootLoader'
make[1]: Nothing to be done for 'all'.
make[1]: Leaving directory '/cygdrive/z/OS/testOS/00.BootLoader'

================= Build Complete =================

make: *** No rule to make target '01.Kernel32/Kernel32.bin', needed by 'Disk.img'.  Stop.
22:59:16 **** Incremental Build of configuration Default for project testOS ****
make all 

================= Build Boot Loader =================

make -C 00.BootLoader
make[1]: Entering directory '/cygdrive/z/OS/testOS/00.BootLoader'
make[1]: Nothing to be done for 'all'.
make[1]: Leaving directory '/cygdrive/z/OS/testOS/00.BootLoader'

================= Build Complete =================

make: *** No rule to make target '01.Kernel32/Kernel32.bin', needed by 'Disk.img'.  Stop.
23:03:57 **** Incremental Build of configuration Default for project testOS ****
make all 

================= Build Boot Loader =================

make -C 00.BootLoader
make[1]: Entering directory '/cygdrive/z/OS/testOS/00.BootLoader'
make[1]: Nothing to be done for 'all'.
make[1]: Leaving directory '/cygdrive/z/OS/testOS/00.BootLoader'

================= Build Complete =================

make: *** No rule to make target '01.Kernel32/Kernel32.bin', needed by 'Disk.img'.  Stop.
23:04:50 **** Incremental Build of configuration Default for project testOS ****
make all 

================= Build Boot Loader =================

make -C 00.BootLoader
make[1]: Entering directory '/cygdrive/z/OS/testOS/00.BootLoader'
make[1]: Nothing to be done for 'all'.
make[1]: Leaving directory '/cygdrive/z/OS/testOS/00.BootLoader'

================= Build Complete =================

make: *** No rule to make target '01.Kernel32/Kernel32.bin', needed by 'Disk.img'.  Stop.
23:06:25 **** Incremental Build of configuration Default for project testOS ****
make all 

================= Build Boot Loader =================

make -C 00.BootLoader
make[1]: Entering directory '/cygdrive/z/OS/testOS/00.BootLoader'
make[1]: Nothing to be done for 'all'.
make[1]: Leaving directory '/cygdrive/z/OS/testOS/00.BootLoader'

================= Build Complete =================


================= Build 32bit Kernel ===================

make -C 01.Kernel32
make[1]: Entering directory '/cygdrive/z/OS/testOS/01.Kernel32'
nasm -o Kernel32.bin Source/EntryPoint.s
Source/EntryPoint.s:12: warning: word data exceeds bounds
make[1]: Leaving directory '/cygdrive/z/OS/testOS/01.Kernel32'

================= build Complete ====================


================= Disk Image Build Start =================

cat 00.BootLoader/BootLoader.bin 01.Kernel32/Kernel32.bin > Disk.img
cygwin warning:
  MS-DOS style path detected: Z:\OS\testOS\
  Preferred POSIX equivalent is: /cygdrive/z/OS/testOS/
  CYGWIN environment variable option "nodosfilewarning" turns off this warning.
  Consult the user's guide for more details about POSIX paths:
    http://cygwin.com/cygwin-ug-net/using.html#using-pathnames

================= All Build Complete =================

23:06:55 **** Incremental Build of configuration Default for project testOS ****
make all 

================= Build Boot Loader =================

make -C 00.BootLoader
make[1]: Entering directory '/cygdrive/z/OS/testOS/00.BootLoader'
make[1]: Nothing to be done for 'all'.
make[1]: Leaving directory '/cygdrive/z/OS/testOS/00.BootLoader'

================= Build Complete =================


================= Build 32bit Kernel ===================

make -C 01.Kernel32
make[1]: Entering directory '/cygdrive/z/OS/testOS/01.Kernel32'
make[1]: Nothing to be done for 'all'.
make[1]: Leaving directory '/cygdrive/z/OS/testOS/01.Kernel32'

================= build Complete ====================

00:33:55 **** Incremental Build of configuration Default for project testOS ****
make all 

================= Build Boot Loader =================

make -C 00.BootLoader
make[1]: Entering directory '/cygdrive/z/OS/testOS/00.BootLoader'
make[1]: Nothing to be done for 'all'.
make[1]: Leaving directory '/cygdrive/z/OS/testOS/00.BootLoader'

================= Build Complete =================


================= Build 32bit Kernel ===================

make -C 01.Kernel32
make[1]: Entering directory '/cygdrive/z/OS/testOS/01.Kernel32'
make[1]: Nothing to be done for 'all'.
make[1]: Leaving directory '/cygdrive/z/OS/testOS/01.Kernel32'

================= build Complete ====================

00:35:23 **** Incremental Build of configuration Default for project testOS ****
make all 

================= Build Boot Loader =================

make -C 00.BootLoader
make[1]: Entering directory '/cygdrive/z/OS/testOS/00.BootLoader'
nasm -o BootLoader.bin BootLoader.asm
make[1]: Leaving directory '/cygdrive/z/OS/testOS/00.BootLoader'

================= Build Complete =================


================= Build 32bit Kernel ===================

make -C 01.Kernel32
make[1]: Entering directory '/cygdrive/z/OS/testOS/01.Kernel32'
make[1]: Nothing to be done for 'all'.
make[1]: Leaving directory '/cygdrive/z/OS/testOS/01.Kernel32'

================= build Complete ====================


================= Disk Image Build Start =================

cat 00.BootLoader/BootLoader.bin 01.Kernel32/Kernel32.bin > Disk.img
cygwin warning:
  MS-DOS style path detected: Z:\OS\testOS\
  Preferred POSIX equivalent is: /cygdrive/z/OS/testOS/
  CYGWIN environment variable option "nodosfilewarning" turns off this warning.
  Consult the user's guide for more details about POSIX paths:
    http://cygwin.com/cygwin-ug-net/using.html#using-pathnames

================= All Build Complete =================

00:36:33 **** Incremental Build of configuration Default for project testOS ****
make all 

================= Build Boot Loader =================

make -C 00.BootLoader
make[1]: Entering directory '/cygdrive/z/OS/testOS/00.BootLoader'
nasm -o BootLoader.bin BootLoader.asm
make[1]: Leaving directory '/cygdrive/z/OS/testOS/00.BootLoader'

================= Build Complete =================


================= Build 32bit Kernel ===================

make -C 01.Kernel32
make[1]: Entering directory '/cygdrive/z/OS/testOS/01.Kernel32'
make[1]: Nothing to be done for 'all'.
make[1]: Leaving directory '/cygdrive/z/OS/testOS/01.Kernel32'

================= build Complete ====================


================= Disk Image Build Start =================

cat 00.BootLoader/BootLoader.bin 01.Kernel32/Kernel32.bin > Disk.img
cygwin warning:
  MS-DOS style path detected: Z:\OS\testOS\
  Preferred POSIX equivalent is: /cygdrive/z/OS/testOS/
  CYGWIN environment variable option "nodosfilewarning" turns off this warning.
  Consult the user's guide for more details about POSIX paths:
    http://cygwin.com/cygwin-ug-net/using.html#using-pathnames

================= All Build Complete =================

00:36:40 **** Incremental Build of configuration Default for project testOS ****
make all 

================= Build Boot Loader =================

make -C 00.BootLoader
make[1]: Entering directory '/cygdrive/z/OS/testOS/00.BootLoader'
make[1]: Nothing to be done for 'all'.
make[1]: Leaving directory '/cygdrive/z/OS/testOS/00.BootLoader'

================= Build Complete =================


================= Build 32bit Kernel ===================

make -C 01.Kernel32
make[1]: Entering directory '/cygdrive/z/OS/testOS/01.Kernel32'
make[1]: Nothing to be done for 'all'.
make[1]: Leaving directory '/cygdrive/z/OS/testOS/01.Kernel32'

================= build Complete ====================

00:36:52 **** Incremental Build of configuration Default for project testOS ****
make all 

================= Build Boot Loader =================

make -C 00.BootLoader
make[1]: Entering directory '/cygdrive/z/OS/testOS/00.BootLoader'
make[1]: Nothing to be done for 'all'.
make[1]: Leaving directory '/cygdrive/z/OS/testOS/00.BootLoader'

================= Build Complete =================


================= Build 32bit Kernel ===================

make -C 01.Kernel32
make[1]: Entering directory '/cygdrive/z/OS/testOS/01.Kernel32'
nasm -o Kernel32.bin Source/EntryPoint.s
make[1]: Leaving directory '/cygdrive/z/OS/testOS/01.Kernel32'

================= build Complete ====================


================= Disk Image Build Start =================

cat 00.BootLoader/BootLoader.bin 01.Kernel32/Kernel32.bin > Disk.img
cygwin warning:
  MS-DOS style path detected: Z:\OS\testOS\
  Preferred POSIX equivalent is: /cygdrive/z/OS/testOS/
  CYGWIN environment variable option "nodosfilewarning" turns off this warning.
  Consult the user's guide for more details about POSIX paths:
    http://cygwin.com/cygwin-ug-net/using.html#using-pathnames

================= All Build Complete =================

15:16:13 **** Incremental Build of configuration Default for project testOS ****
make all 

================= Build Boot Loader =================

make -C 00.BootLoader
make[1]: Entering directory '/cygdrive/z/OS/testOS/00.BootLoader'
make[1]: Nothing to be done for 'all'.
make[1]: Leaving directory '/cygdrive/z/OS/testOS/00.BootLoader'

================= Build Complete =================


================= Build 32bit Kernel ===================

make -C 01.Kernel32
make[1]: Entering directory '/cygdrive/z/OS/testOS/01.Kernel32'
makefile:8: *** recipe commences before first target.  Stop.
make[1]: Leaving directory '/cygdrive/z/OS/testOS/01.Kernel32'
makefile:17: recipe for target 'Kernel32' failed
make: *** [Kernel32] Error 2
15:29:20 **** Incremental Build of configuration Default for project testOS ****
make all 

================= Build Boot Loader =================

make -C 00.BootLoader
make[1]: Entering directory '/cygdrive/z/OS/testOS/00.BootLoader'
make[1]: Nothing to be done for 'all'.
make[1]: Leaving directory '/cygdrive/z/OS/testOS/00.BootLoader'

================= Build Complete =================


================= Build 32bit Kernel ===================

make -C 01.Kernel32
make[1]: Entering directory '/cygdrive/z/OS/testOS/01.Kernel32'
mkdir -p Temp
nasm -o Temp/EntryPoint.bin Source/EntryPoint.s
=== Make Dependancy File ===
make -C Temp -f ../makefile InternalDependency
make[2]: Entering directory '/cygdrive/z/OS/testOS/01.Kernel32/Temp'
x86_64-pc-linux-gcc.exe -c -m32 -ffreestanding -MM ../Source/Main.c > Dependency.dep
cygwin warning:
  MS-DOS style path detected: Z:\OS\testOS\
  Preferred POSIX equivalent is: /cygdrive/z/OS/testOS/
  CYGWIN environment variable option "nodosfilewarning" turns off this warning.
  Consult the user's guide for more details about POSIX paths:
    http://cygwin.com/cygwin-ug-net/using.html#using-pathnames
make[2]: Leaving directory '/cygdrive/z/OS/testOS/01.Kernel32/Temp'
=== Dependancy Search Complete ===
make -C Temp -f ../makefile Kernel32.elf
make[2]: Entering directory '/cygdrive/z/OS/testOS/01.Kernel32/Temp'
x86_64-pc-linux-gcc.exe -c -m32 -ffreestanding -c ../Source/Main.c
x86_64-pc-linux-ld.exe -melf_i386 -T ../elf_i386.x -nostdlib -e Main -Ttext 0x10200 -o Kernel32.elf Main.o
make[2]: Leaving directory '/cygdrive/z/OS/testOS/01.Kernel32/Temp'
x86_64-pc-linux-objcopy -j .text -j .data -j .rodata -j .bss -S -O binary Temp/Kernel32.elf Temp/Kernel32.elf.bin
cat Temp/EntryPoint.bin Temp/Kernel32.elf.bin > Kernel32.bin
make[1]: Leaving directory '/cygdrive/z/OS/testOS/01.Kernel32'

================= build Complete ====================


================= Disk Image Build Start =================

cat 00.BootLoader/BootLoader.bin 01.Kernel32/Kernel32.bin > Disk.img

================= All Build Complete =================

15:32:42 **** Incremental Build of configuration Default for project testOS ****
make all 

================= Build Boot Loader =================

make -C 00.BootLoader
make[1]: Entering directory '/cygdrive/z/OS/testOS/00.BootLoader'
nasm -o BootLoader.bin BootLoader.asm
make[1]: Leaving directory '/cygdrive/z/OS/testOS/00.BootLoader'

================= Build Complete =================


================= Build 32bit Kernel ===================

make -C 01.Kernel32
make[1]: Entering directory '/cygdrive/z/OS/testOS/01.Kernel32'
mkdir -p Temp
=== Make Dependancy File ===
make -C Temp -f ../makefile InternalDependency
make[2]: Entering directory '/cygdrive/z/OS/testOS/01.Kernel32/Temp'
x86_64-pc-linux-gcc.exe -c -m32 -ffreestanding -MM ../Source/Main.c > Dependency.dep
make[2]: Leaving directory '/cygdrive/z/OS/testOS/01.Kernel32/Temp'
=== Dependancy Search Complete ===
make -C Temp -f ../makefile Kernel32.elf
make[2]: Entering directory '/cygdrive/z/OS/testOS/01.Kernel32/Temp'
make[2]: 'Kernel32.elf' is up to date.
make[2]: Leaving directory '/cygdrive/z/OS/testOS/01.Kernel32/Temp'
x86_64-pc-linux-objcopy -j .text -j .data -j .rodata -j .bss -S -O binary Temp/Kernel32.elf Temp/Kernel32.elf.bin
cat Temp/EntryPoint.bin Temp/Kernel32.elf.bin > Kernel32.bin
make[1]: Leaving directory '/cygdrive/z/OS/testOS/01.Kernel32'

================= build Complete ====================


================= Disk Image Build Start =================

cat 00.BootLoader/BootLoader.bin 01.Kernel32/Kernel32.bin > Disk.img

================= All Build Complete =================

16:26:20 **** Incremental Build of configuration Default for project testOS ****
make all 

================= Build Boot Loader =================

make -C 00.BootLoader
make[1]: Entering directory '/cygdrive/z/OS/testOS/00.BootLoader'
make[1]: Nothing to be done for 'all'.
make[1]: Leaving directory '/cygdrive/z/OS/testOS/00.BootLoader'

================= Build Complete =================


================= Build 32bit Kernel ===================

make -C 01.Kernel32
make[1]: Entering directory '/cygdrive/z/OS/testOS/01.Kernel32'
mkdir -p Temp
=== Make Dependancy File ===
make -C Temp -f ../makefile InternalDependency
make[2]: Entering directory '/cygdrive/z/OS/testOS/01.Kernel32/Temp'
x86_64-pc-linux-gcc.exe -c -m32 -ffreestanding -MM ../Source/Main.c > Dependency.dep
cygwin warning:
  MS-DOS style path detected: Z:\OS\testOS\
  Preferred POSIX equivalent is: /cygdrive/z/OS/testOS/
  CYGWIN environment variable option "nodosfilewarning" turns off this warning.
  Consult the user's guide for more details about POSIX paths:
    http://cygwin.com/cygwin-ug-net/using.html#using-pathnames
make[2]: Leaving directory '/cygdrive/z/OS/testOS/01.Kernel32/Temp'
=== Dependancy Search Complete ===
make -C Temp -f ../makefile Kernel32.elf
make[2]: Entering directory '/cygdrive/z/OS/testOS/01.Kernel32/Temp'
make[2]: 'Kernel32.elf' is up to date.
make[2]: Leaving directory '/cygdrive/z/OS/testOS/01.Kernel32/Temp'
x86_64-pc-linux-objcopy -j .text -j .data -j .rodata -j .bss -S -O binary Temp/Kernel32.elf Temp/Kernel32.elf.bin
cat Temp/EntryPoint.bin Temp/Kernel32.elf.bin > Kernel32.bin
make[1]: Leaving directory '/cygdrive/z/OS/testOS/01.Kernel32'

================= build Complete ====================


================= Disk Image Build Start =================

cat 00.BootLoader/BootLoader.bin 01.Kernel32/Kernel32.bin > Disk.img

================= All Build Complete =================

16:28:51 **** Incremental Build of configuration Default for project testOS ****
make all 

================= Build Boot Loader =================

make -C 00.BootLoader
make[1]: Entering directory '/cygdrive/z/OS/testOS/00.BootLoader'
nasm -o BootLoader.bin BootLoader.asm
make[1]: Leaving directory '/cygdrive/z/OS/testOS/00.BootLoader'

================= Build Complete =================


================= Build 32bit Kernel ===================

make -C 01.Kernel32
make[1]: Entering directory '/cygdrive/z/OS/testOS/01.Kernel32'
mkdir -p Temp
=== Make Dependancy File ===
make -C Temp -f ../makefile InternalDependency
make[2]: Entering directory '/cygdrive/z/OS/testOS/01.Kernel32/Temp'
x86_64-pc-linux-gcc.exe -c -m32 -ffreestanding -MM ../Source/Main.c > Dependency.dep
cygwin warning:
  MS-DOS style path detected: Z:\OS\testOS\
  Preferred POSIX equivalent is: /cygdrive/z/OS/testOS/
  CYGWIN environment variable option "nodosfilewarning" turns off this warning.
  Consult the user's guide for more details about POSIX paths:
    http://cygwin.com/cygwin-ug-net/using.html#using-pathnames
make[2]: Leaving directory '/cygdrive/z/OS/testOS/01.Kernel32/Temp'
=== Dependancy Search Complete ===
make -C Temp -f ../makefile Kernel32.elf
make[2]: Entering directory '/cygdrive/z/OS/testOS/01.Kernel32/Temp'
make[2]: 'Kernel32.elf' is up to date.
make[2]: Leaving directory '/cygdrive/z/OS/testOS/01.Kernel32/Temp'
x86_64-pc-linux-objcopy -j .text -j .data -j .rodata -j .bss -S -O binary Temp/Kernel32.elf Temp/Kernel32.elf.bin
cat Temp/EntryPoint.bin Temp/Kernel32.elf.bin > Kernel32.bin
make[1]: Leaving directory '/cygdrive/z/OS/testOS/01.Kernel32'

================= build Complete ====================


================= Disk Image Build Start =================

cat 00.BootLoader/BootLoader.bin 01.Kernel32/Kernel32.bin > Disk.img

================= All Build Complete =================

16:29:46 **** Incremental Build of configuration Default for project testOS ****
make all 

================= Build Boot Loader =================

make -C 00.BootLoader
make[1]: Entering directory '/cygdrive/z/OS/testOS/00.BootLoader'
make[1]: Nothing to be done for 'all'.
make[1]: Leaving directory '/cygdrive/z/OS/testOS/00.BootLoader'

================= Build Complete =================


================= Build 32bit Kernel ===================

make -C 01.Kernel32
make[1]: Entering directory '/cygdrive/z/OS/testOS/01.Kernel32'
mkdir -p Temp
=== Make Dependancy File ===
make -C Temp -f ../makefile InternalDependency
make[2]: Entering directory '/cygdrive/z/OS/testOS/01.Kernel32/Temp'
x86_64-pc-linux-gcc.exe -c -m32 -ffreestanding -MM ../Source/Main.c > Dependency.dep
cygwin warning:
  MS-DOS style path detected: Z:\OS\testOS\
  Preferred POSIX equivalent is: /cygdrive/z/OS/testOS/
  CYGWIN environment variable option "nodosfilewarning" turns off this warning.
  Consult the user's guide for more details about POSIX paths:
    http://cygwin.com/cygwin-ug-net/using.html#using-pathnames
make[2]: Leaving directory '/cygdrive/z/OS/testOS/01.Kernel32/Temp'
=== Dependancy Search Complete ===
make -C Temp -f ../makefile Kernel32.elf
make[2]: Entering directory '/cygdrive/z/OS/testOS/01.Kernel32/Temp'
make[2]: 'Kernel32.elf' is up to date.
make[2]: Leaving directory '/cygdrive/z/OS/testOS/01.Kernel32/Temp'
x86_64-pc-linux-objcopy -j .text -j .data -j .rodata -j .bss -S -O binary Temp/Kernel32.elf Temp/Kernel32.elf.bin
cat Temp/EntryPoint.bin Temp/Kernel32.elf.bin > Kernel32.bin
make[1]: Leaving directory '/cygdrive/z/OS/testOS/01.Kernel32'

================= build Complete ====================


================= Disk Image Build Start =================

cat 00.BootLoader/BootLoader.bin 01.Kernel32/Kernel32.bin > Disk.img

================= All Build Complete =================

16:30:07 **** Incremental Build of configuration Default for project testOS ****
make all 

================= Build Boot Loader =================

make -C 00.BootLoader
make[1]: Entering directory '/cygdrive/z/OS/testOS/00.BootLoader'
make[1]: Nothing to be done for 'all'.
make[1]: Leaving directory '/cygdrive/z/OS/testOS/00.BootLoader'

================= Build Complete =================


================= Build 32bit Kernel ===================

make -C 01.Kernel32
make[1]: Entering directory '/cygdrive/z/OS/testOS/01.Kernel32'
mkdir -p Temp
=== Make Dependancy File ===
make -C Temp -f ../makefile InternalDependency
make[2]: Entering directory '/cygdrive/z/OS/testOS/01.Kernel32/Temp'
x86_64-pc-linux-gcc.exe -c -m32 -ffreestanding -MM ../Source/Main.c > Dependency.dep
cygwin warning:
  MS-DOS style path detected: Z:\OS\testOS\
  Preferred POSIX equivalent is: /cygdrive/z/OS/testOS/
  CYGWIN environment variable option "nodosfilewarning" turns off this warning.
  Consult the user's guide for more details about POSIX paths:
    http://cygwin.com/cygwin-ug-net/using.html#using-pathnames
make[2]: Leaving directory '/cygdrive/z/OS/testOS/01.Kernel32/Temp'
=== Dependancy Search Complete ===
make -C Temp -f ../makefile Kernel32.elf
make[2]: Entering directory '/cygdrive/z/OS/testOS/01.Kernel32/Temp'
make[2]: 'Kernel32.elf' is up to date.
make[2]: Leaving directory '/cygdrive/z/OS/testOS/01.Kernel32/Temp'
x86_64-pc-linux-objcopy -j .text -j .data -j .rodata -j .bss -S -O binary Temp/Kernel32.elf Temp/Kernel32.elf.bin
cat Temp/EntryPoint.bin Temp/Kernel32.elf.bin > Kernel32.bin
make[1]: Leaving directory '/cygdrive/z/OS/testOS/01.Kernel32'

================= build Complete ====================


================= Disk Image Build Start =================

cat 00.BootLoader/BootLoader.bin 01.Kernel32/Kernel32.bin > Disk.img

================= All Build Complete =================

16:34:39 **** Incremental Build of configuration Default for project testOS ****
make all 

================= Build Boot Loader =================

make -C 00.BootLoader
make[1]: Entering directory '/cygdrive/z/OS/testOS/00.BootLoader'
make[1]: Nothing to be done for 'all'.
make[1]: Leaving directory '/cygdrive/z/OS/testOS/00.BootLoader'

================= Build Complete =================


================= Build 32bit Kernel ===================

make -C 01.Kernel32
make[1]: Entering directory '/cygdrive/z/OS/testOS/01.Kernel32'
mkdir -p Temp
=== Make Dependancy File ===
make -C Temp -f ../makefile InternalDependency
make[2]: Entering directory '/cygdrive/z/OS/testOS/01.Kernel32/Temp'
x86_64-pc-linux-gcc.exe -c -m32 -ffreestanding -MM ../Source/Main.c > Dependency.dep
cygwin warning:
  MS-DOS style path detected: Z:\OS\testOS\
  Preferred POSIX equivalent is: /cygdrive/z/OS/testOS/
  CYGWIN environment variable option "nodosfilewarning" turns off this warning.
  Consult the user's guide for more details about POSIX paths:
    http://cygwin.com/cygwin-ug-net/using.html#using-pathnames
make[2]: Leaving directory '/cygdrive/z/OS/testOS/01.Kernel32/Temp'
=== Dependancy Search Complete ===
make -C Temp -f ../makefile Kernel32.elf
make[2]: Entering directory '/cygdrive/z/OS/testOS/01.Kernel32/Temp'
make[2]: 'Kernel32.elf' is up to date.
make[2]: Leaving directory '/cygdrive/z/OS/testOS/01.Kernel32/Temp'
x86_64-pc-linux-objcopy -j .text -j .data -j .rodata -j .bss -S -O binary Temp/Kernel32.elf Temp/Kernel32.elf.bin
cat Temp/EntryPoint.bin Temp/Kernel32.elf.bin > Kernel32.bin
make[1]: Leaving directory '/cygdrive/z/OS/testOS/01.Kernel32'

================= build Complete ====================


================= Disk Image Build Start =================

cat 00.BootLoader/BootLoader.bin 01.Kernel32/Kernel32.bin > Disk.img

================= All Build Complete =================

16:59:23 **** Incremental Build of configuration Default for project testOS ****
make all 

================= Build Boot Loader =================

make -C 00.BootLoader
make[1]: Entering directory '/cygdrive/z/OS/testOS/00.BootLoader'
make[1]: Nothing to be done for 'all'.
make[1]: Leaving directory '/cygdrive/z/OS/testOS/00.BootLoader'

================= Build Complete =================


================= Build 32bit Kernel ===================

make -C 01.Kernel32
make[1]: Entering directory '/cygdrive/z/OS/testOS/01.Kernel32'
mkdir -p Temp
=== Make Dependancy File ===
make -C Temp -f ../makefile InternalDependency
make[2]: Entering directory '/cygdrive/z/OS/testOS/01.Kernel32/Temp'
x86_64-pc-linux-gcc.exe -c -m32 -ffreestanding -MM ../Source/Main.c > Dependency.dep
cygwin warning:
  MS-DOS style path detected: Z:\OS\testOS\
  Preferred POSIX equivalent is: /cygdrive/z/OS/testOS/
  CYGWIN environment variable option "nodosfilewarning" turns off this warning.
  Consult the user's guide for more details about POSIX paths:
    http://cygwin.com/cygwin-ug-net/using.html#using-pathnames
make[2]: Leaving directory '/cygdrive/z/OS/testOS/01.Kernel32/Temp'
=== Dependancy Search Complete ===
make -C Temp -f ../makefile Kernel32.elf
make[2]: Entering directory '/cygdrive/z/OS/testOS/01.Kernel32/Temp'
make[2]: 'Kernel32.elf' is up to date.
make[2]: Leaving directory '/cygdrive/z/OS/testOS/01.Kernel32/Temp'
x86_64-pc-linux-objcopy -j .text -j .data -j .rodata -j .bss -S -O binary Temp/Kernel32.elf Temp/Kernel32.elf.bin
cat Temp/EntryPoint.bin Temp/Kernel32.elf.bin > Kernel32.bin
make[1]: Leaving directory '/cygdrive/z/OS/testOS/01.Kernel32'

================= build Complete ====================


================= Disk Image Build Start =================

./ImageMaker.exe 00.BootLoader/BootLoader.bin 01.Kernel32/Kernel32.bin
[INFO] Copy Boot loader to image file
[INFO] File size is aligned 512Byte
[INFO] 00.BootLoader/BootLoader.bin size = [512] and sector count = [1]
[INFO] Copy protected mode kernel to image file
[INFO] File size [670] and fill [354] byte
[INFO] 01.Kernel32/Kernel32.bin size = [670] and sector count = [2]
[INFO] Start to write kernel information
[INFO] Total sector count except boot loader [2]
[INFO] Imeage file create complete

================= All Build Complete =================

17:33:52 **** Incremental Build of configuration Default for project testOS ****
make all 

================= Build Boot Loader =================

make -C 00.BootLoader
make[1]: Entering directory '/cygdrive/z/OS/testOS/00.BootLoader'
nasm -o BootLoader.bin BootLoader.asm
make[1]: Leaving directory '/cygdrive/z/OS/testOS/00.BootLoader'

================= Build Complete =================


================= Build 32bit Kernel ===================

make -C 01.Kernel32
make[1]: Entering directory '/cygdrive/z/OS/testOS/01.Kernel32'
mkdir -p Temp
nasm -o Temp/EntryPoint.bin Source/EntryPoint.s
=== Make Dependancy File ===
make -C Temp -f ../makefile InternalDependency
make[2]: Entering directory '/cygdrive/z/OS/testOS/01.Kernel32/Temp'
x86_64-pc-linux-gcc.exe -c -m32 -ffreestanding -MM ../Source/Main.c > Dependency.dep
cygwin warning:
  MS-DOS style path detected: Z:\OS\testOS\
  Preferred POSIX equivalent is: /cygdrive/z/OS/testOS/
  CYGWIN environment variable option "nodosfilewarning" turns off this warning.
  Consult the user's guide for more details about POSIX paths:
    http://cygwin.com/cygwin-ug-net/using.html#using-pathnames
make[2]: Leaving directory '/cygdrive/z/OS/testOS/01.Kernel32/Temp'
=== Dependancy Search Complete ===
make -C Temp -f ../makefile Kernel32.elf
make[2]: Entering directory '/cygdrive/z/OS/testOS/01.Kernel32/Temp'
make[2]: 'Kernel32.elf' is up to date.
make[2]: Leaving directory '/cygdrive/z/OS/testOS/01.Kernel32/Temp'
x86_64-pc-linux-objcopy -j .text -j .data -j .rodata -j .bss -S -O binary Temp/Kernel32.elf Temp/Kernel32.elf.bin
cat Temp/EntryPoint.bin Temp/Kernel32.elf.bin > Kernel32.bin
make[1]: Leaving directory '/cygdrive/z/OS/testOS/01.Kernel32'

================= build Complete ====================


================= Disk Image Build Start =================

./ImageMaker.exe 00.BootLoader/BootLoader.bin 01.Kernel32/Kernel32.bin
[INFO] Copy Boot loader to image file
[INFO] File size is aligned 512Byte
[INFO] 00.BootLoader/BootLoader.bin size = [512] and sector count = [1]
[INFO] Copy protected mode kernel to image file
[INFO] File size [670] and fill [354] byte
[INFO] 01.Kernel32/Kernel32.bin size = [670] and sector count = [2]
[INFO] Start to write kernel information
[INFO] Total sector count except boot loader [2]
[INFO] Imeage file create complete

================= All Build Complete =================

17:35:10 **** Incremental Build of configuration Default for project testOS ****
make all 

================= Build Boot Loader =================

make -C 00.BootLoader
make[1]: Entering directory '/cygdrive/z/OS/testOS/00.BootLoader'
nasm -o BootLoader.bin BootLoader.asm
make[1]: Leaving directory '/cygdrive/z/OS/testOS/00.BootLoader'

================= Build Complete =================


================= Build 32bit Kernel ===================

make -C 01.Kernel32
make[1]: Entering directory '/cygdrive/z/OS/testOS/01.Kernel32'
mkdir -p Temp
=== Make Dependancy File ===
make -C Temp -f ../makefile InternalDependency
make[2]: Entering directory '/cygdrive/z/OS/testOS/01.Kernel32/Temp'
x86_64-pc-linux-gcc.exe -c -m32 -ffreestanding -MM ../Source/Main.c > Dependency.dep
cygwin warning:
  MS-DOS style path detected: Z:\OS\testOS\
  Preferred POSIX equivalent is: /cygdrive/z/OS/testOS/
  CYGWIN environment variable option "nodosfilewarning" turns off this warning.
  Consult the user's guide for more details about POSIX paths:
    http://cygwin.com/cygwin-ug-net/using.html#using-pathnames
make[2]: Leaving directory '/cygdrive/z/OS/testOS/01.Kernel32/Temp'
=== Dependancy Search Complete ===
make -C Temp -f ../makefile Kernel32.elf
make[2]: Entering directory '/cygdrive/z/OS/testOS/01.Kernel32/Temp'
make[2]: 'Kernel32.elf' is up to date.
make[2]: Leaving directory '/cygdrive/z/OS/testOS/01.Kernel32/Temp'
x86_64-pc-linux-objcopy -j .text -j .data -j .rodata -j .bss -S -O binary Temp/Kernel32.elf Temp/Kernel32.elf.bin
cat Temp/EntryPoint.bin Temp/Kernel32.elf.bin > Kernel32.bin
make[1]: Leaving directory '/cygdrive/z/OS/testOS/01.Kernel32'

================= build Complete ====================


================= Disk Image Build Start =================

./ImageMaker.exe 00.BootLoader/BootLoader.bin 01.Kernel32/Kernel32.bin
[INFO] Copy Boot loader to image file
[INFO] File size is aligned 512Byte
[INFO] 00.BootLoader/BootLoader.bin size = [512] and sector count = [1]
[INFO] Copy protected mode kernel to image file
[INFO] File size [670] and fill [354] byte
[INFO] 01.Kernel32/Kernel32.bin size = [670] and sector count = [2]
[INFO] Start to write kernel information
[INFO] Total sector count except boot loader [2]
[INFO] Imeage file create complete

================= All Build Complete =================

17:35:28 **** Incremental Build of configuration Default for project testOS ****
make all 

================= Build Boot Loader =================

make -C 00.BootLoader
make[1]: Entering directory '/cygdrive/z/OS/testOS/00.BootLoader'
nasm -o BootLoader.bin BootLoader.asm
make[1]: Leaving directory '/cygdrive/z/OS/testOS/00.BootLoader'

================= Build Complete =================


================= Build 32bit Kernel ===================

make -C 01.Kernel32
make[1]: Entering directory '/cygdrive/z/OS/testOS/01.Kernel32'
mkdir -p Temp
=== Make Dependancy File ===
make -C Temp -f ../makefile InternalDependency
make[2]: Entering directory '/cygdrive/z/OS/testOS/01.Kernel32/Temp'
x86_64-pc-linux-gcc.exe -c -m32 -ffreestanding -MM ../Source/Main.c > Dependency.dep
cygwin warning:
  MS-DOS style path detected: Z:\OS\testOS\
  Preferred POSIX equivalent is: /cygdrive/z/OS/testOS/
  CYGWIN environment variable option "nodosfilewarning" turns off this warning.
  Consult the user's guide for more details about POSIX paths:
    http://cygwin.com/cygwin-ug-net/using.html#using-pathnames
make[2]: Leaving directory '/cygdrive/z/OS/testOS/01.Kernel32/Temp'
=== Dependancy Search Complete ===
make -C Temp -f ../makefile Kernel32.elf
make[2]: Entering directory '/cygdrive/z/OS/testOS/01.Kernel32/Temp'
make[2]: 'Kernel32.elf' is up to date.
make[2]: Leaving directory '/cygdrive/z/OS/testOS/01.Kernel32/Temp'
x86_64-pc-linux-objcopy -j .text -j .data -j .rodata -j .bss -S -O binary Temp/Kernel32.elf Temp/Kernel32.elf.bin
cat Temp/EntryPoint.bin Temp/Kernel32.elf.bin > Kernel32.bin
make[1]: Leaving directory '/cygdrive/z/OS/testOS/01.Kernel32'

================= build Complete ====================


================= Disk Image Build Start =================

./ImageMaker.exe 00.BootLoader/BootLoader.bin 01.Kernel32/Kernel32.bin
[INFO] Copy Boot loader to image file
[INFO] File size is aligned 512Byte
[INFO] 00.BootLoader/BootLoader.bin size = [512] and sector count = [1]
[INFO] Copy protected mode kernel to image file
[INFO] File size [670] and fill [354] byte
[INFO] 01.Kernel32/Kernel32.bin size = [670] and sector count = [2]
[INFO] Start to write kernel information
[INFO] Total sector count except boot loader [2]
[INFO] Imeage file create complete

================= All Build Complete =================

17:35:53 **** Incremental Build of configuration Default for project testOS ****
make all 

================= Build Boot Loader =================

make -C 00.BootLoader
make[1]: Entering directory '/cygdrive/z/OS/testOS/00.BootLoader'
make[1]: Nothing to be done for 'all'.
make[1]: Leaving directory '/cygdrive/z/OS/testOS/00.BootLoader'

================= Build Complete =================


================= Build 32bit Kernel ===================

make -C 01.Kernel32
make[1]: Entering directory '/cygdrive/z/OS/testOS/01.Kernel32'
mkdir -p Temp
=== Make Dependancy File ===
make -C Temp -f ../makefile InternalDependency
make[2]: Entering directory '/cygdrive/z/OS/testOS/01.Kernel32/Temp'
x86_64-pc-linux-gcc.exe -c -m32 -ffreestanding -MM ../Source/Main.c > Dependency.dep
cygwin warning:
  MS-DOS style path detected: Z:\OS\testOS\
  Preferred POSIX equivalent is: /cygdrive/z/OS/testOS/
  CYGWIN environment variable option "nodosfilewarning" turns off this warning.
  Consult the user's guide for more details about POSIX paths:
    http://cygwin.com/cygwin-ug-net/using.html#using-pathnames
make[2]: Leaving directory '/cygdrive/z/OS/testOS/01.Kernel32/Temp'
=== Dependancy Search Complete ===
make -C Temp -f ../makefile Kernel32.elf
make[2]: Entering directory '/cygdrive/z/OS/testOS/01.Kernel32/Temp'
make[2]: 'Kernel32.elf' is up to date.
make[2]: Leaving directory '/cygdrive/z/OS/testOS/01.Kernel32/Temp'
x86_64-pc-linux-objcopy -j .text -j .data -j .rodata -j .bss -S -O binary Temp/Kernel32.elf Temp/Kernel32.elf.bin
cat Temp/EntryPoint.bin Temp/Kernel32.elf.bin > Kernel32.bin
make[1]: Leaving directory '/cygdrive/z/OS/testOS/01.Kernel32'

================= build Complete ====================


================= Disk Image Build Start =================

./ImageMaker.exe 00.BootLoader/BootLoader.bin 01.Kernel32/Kernel32.bin
[INFO] Copy Boot loader to image file
[INFO] File size is aligned 512Byte
[INFO] 00.BootLoader/BootLoader.bin size = [512] and sector count = [1]
[INFO] Copy protected mode kernel to image file
[INFO] File size [670] and fill [354] byte
[INFO] 01.Kernel32/Kernel32.bin size = [670] and sector count = [2]
[INFO] Start to write kernel information
[INFO] Total sector count except boot loader [2]
[INFO] Imeage file create complete

================= All Build Complete =================

17:36:16 **** Incremental Build of configuration Default for project testOS ****
make all 

================= Build Boot Loader =================

make -C 00.BootLoader
make[1]: Entering directory '/cygdrive/z/OS/testOS/00.BootLoader'
nasm -o BootLoader.bin BootLoader.asm
make[1]: Leaving directory '/cygdrive/z/OS/testOS/00.BootLoader'

================= Build Complete =================


================= Build 32bit Kernel ===================

make -C 01.Kernel32
make[1]: Entering directory '/cygdrive/z/OS/testOS/01.Kernel32'
mkdir -p Temp
=== Make Dependancy File ===
make -C Temp -f ../makefile InternalDependency
make[2]: Entering directory '/cygdrive/z/OS/testOS/01.Kernel32/Temp'
x86_64-pc-linux-gcc.exe -c -m32 -ffreestanding -MM ../Source/Main.c > Dependency.dep
cygwin warning:
  MS-DOS style path detected: Z:\OS\testOS\
  Preferred POSIX equivalent is: /cygdrive/z/OS/testOS/
  CYGWIN environment variable option "nodosfilewarning" turns off this warning.
  Consult the user's guide for more details about POSIX paths:
    http://cygwin.com/cygwin-ug-net/using.html#using-pathnames
make[2]: Leaving directory '/cygdrive/z/OS/testOS/01.Kernel32/Temp'
=== Dependancy Search Complete ===
make -C Temp -f ../makefile Kernel32.elf
make[2]: Entering directory '/cygdrive/z/OS/testOS/01.Kernel32/Temp'
make[2]: 'Kernel32.elf' is up to date.
make[2]: Leaving directory '/cygdrive/z/OS/testOS/01.Kernel32/Temp'
x86_64-pc-linux-objcopy -j .text -j .data -j .rodata -j .bss -S -O binary Temp/Kernel32.elf Temp/Kernel32.elf.bin
cat Temp/EntryPoint.bin Temp/Kernel32.elf.bin > Kernel32.bin
make[1]: Leaving directory '/cygdrive/z/OS/testOS/01.Kernel32'

================= build Complete ====================


================= Disk Image Build Start =================

./ImageMaker.exe 00.BootLoader/BootLoader.bin 01.Kernel32/Kernel32.bin
[INFO] Copy Boot loader to image file
[INFO] File size is aligned 512Byte
[INFO] 00.BootLoader/BootLoader.bin size = [512] and sector count = [1]
[INFO] Copy protected mode kernel to image file
[INFO] File size [670] and fill [354] byte
[INFO] 01.Kernel32/Kernel32.bin size = [670] and sector count = [2]
[INFO] Start to write kernel information
[INFO] Total sector count except boot loader [2]
[INFO] Imeage file create complete

================= All Build Complete =================

17:36:43 **** Incremental Build of configuration Default for project testOS ****
make all 

================= Build Boot Loader =================

make -C 00.BootLoader
make[1]: Entering directory '/cygdrive/z/OS/testOS/00.BootLoader'
nasm -o BootLoader.bin BootLoader.asm
make[1]: Leaving directory '/cygdrive/z/OS/testOS/00.BootLoader'

================= Build Complete =================


================= Build 32bit Kernel ===================

make -C 01.Kernel32
make[1]: Entering directory '/cygdrive/z/OS/testOS/01.Kernel32'
mkdir -p Temp
=== Make Dependancy File ===
make -C Temp -f ../makefile InternalDependency
make[2]: Entering directory '/cygdrive/z/OS/testOS/01.Kernel32/Temp'
x86_64-pc-linux-gcc.exe -c -m32 -ffreestanding -MM ../Source/Main.c > Dependency.dep
cygwin warning:
  MS-DOS style path detected: Z:\OS\testOS\
  Preferred POSIX equivalent is: /cygdrive/z/OS/testOS/
  CYGWIN environment variable option "nodosfilewarning" turns off this warning.
  Consult the user's guide for more details about POSIX paths:
    http://cygwin.com/cygwin-ug-net/using.html#using-pathnames
make[2]: Leaving directory '/cygdrive/z/OS/testOS/01.Kernel32/Temp'
=== Dependancy Search Complete ===
make -C Temp -f ../makefile Kernel32.elf
make[2]: Entering directory '/cygdrive/z/OS/testOS/01.Kernel32/Temp'
make[2]: 'Kernel32.elf' is up to date.
make[2]: Leaving directory '/cygdrive/z/OS/testOS/01.Kernel32/Temp'
x86_64-pc-linux-objcopy -j .text -j .data -j .rodata -j .bss -S -O binary Temp/Kernel32.elf Temp/Kernel32.elf.bin
cat Temp/EntryPoint.bin Temp/Kernel32.elf.bin > Kernel32.bin
make[1]: Leaving directory '/cygdrive/z/OS/testOS/01.Kernel32'

================= build Complete ====================


================= Disk Image Build Start =================

./ImageMaker.exe 00.BootLoader/BootLoader.bin 01.Kernel32/Kernel32.bin
[INFO] Copy Boot loader to image file
[INFO] File size is aligned 512Byte
[INFO] 00.BootLoader/BootLoader.bin size = [512] and sector count = [1]
[INFO] Copy protected mode kernel to image file
[INFO] File size [670] and fill [354] byte
[INFO] 01.Kernel32/Kernel32.bin size = [670] and sector count = [2]
[INFO] Start to write kernel information
[INFO] Total sector count except boot loader [2]
[INFO] Imeage file create complete

================= All Build Complete =================

17:37:07 **** Incremental Build of configuration Default for project testOS ****
make all 

================= Build Boot Loader =================

make -C 00.BootLoader
make[1]: Entering directory '/cygdrive/z/OS/testOS/00.BootLoader'
nasm -o BootLoader.bin BootLoader.asm
make[1]: Leaving directory '/cygdrive/z/OS/testOS/00.BootLoader'

================= Build Complete =================


================= Build 32bit Kernel ===================

make -C 01.Kernel32
make[1]: Entering directory '/cygdrive/z/OS/testOS/01.Kernel32'
mkdir -p Temp
=== Make Dependancy File ===
make -C Temp -f ../makefile InternalDependency
make[2]: Entering directory '/cygdrive/z/OS/testOS/01.Kernel32/Temp'
x86_64-pc-linux-gcc.exe -c -m32 -ffreestanding -MM ../Source/Main.c > Dependency.dep
cygwin warning:
  MS-DOS style path detected: Z:\OS\testOS\
  Preferred POSIX equivalent is: /cygdrive/z/OS/testOS/
  CYGWIN environment variable option "nodosfilewarning" turns off this warning.
  Consult the user's guide for more details about POSIX paths:
    http://cygwin.com/cygwin-ug-net/using.html#using-pathnames
make[2]: Leaving directory '/cygdrive/z/OS/testOS/01.Kernel32/Temp'
=== Dependancy Search Complete ===
make -C Temp -f ../makefile Kernel32.elf
make[2]: Entering directory '/cygdrive/z/OS/testOS/01.Kernel32/Temp'
make[2]: 'Kernel32.elf' is up to date.
make[2]: Leaving directory '/cygdrive/z/OS/testOS/01.Kernel32/Temp'
x86_64-pc-linux-objcopy -j .text -j .data -j .rodata -j .bss -S -O binary Temp/Kernel32.elf Temp/Kernel32.elf.bin
cat Temp/EntryPoint.bin Temp/Kernel32.elf.bin > Kernel32.bin
make[1]: Leaving directory '/cygdrive/z/OS/testOS/01.Kernel32'

================= build Complete ====================


================= Disk Image Build Start =================

./ImageMaker.exe 00.BootLoader/BootLoader.bin 01.Kernel32/Kernel32.bin
[INFO] Copy Boot loader to image file
[INFO] File size is aligned 512Byte
[INFO] 00.BootLoader/BootLoader.bin size = [512] and sector count = [1]
[INFO] Copy protected mode kernel to image file
[INFO] File size [670] and fill [354] byte
[INFO] 01.Kernel32/Kernel32.bin size = [670] and sector count = [2]
[INFO] Start to write kernel information
[INFO] Total sector count except boot loader [2]
[INFO] Imeage file create complete

================= All Build Complete =================

17:42:28 **** Incremental Build of configuration Default for project testOS ****
make all 

================= Build Boot Loader =================

make -C 00.BootLoader
make[1]: Entering directory '/cygdrive/z/OS/testOS/00.BootLoader'
make[1]: Nothing to be done for 'all'.
make[1]: Leaving directory '/cygdrive/z/OS/testOS/00.BootLoader'

================= Build Complete =================


================= Build 32bit Kernel ===================

make -C 01.Kernel32
make[1]: Entering directory '/cygdrive/z/OS/testOS/01.Kernel32'
mkdir -p Temp
=== Make Dependancy File ===
make -C Temp -f ../makefile InternalDependency
make[2]: Entering directory '/cygdrive/z/OS/testOS/01.Kernel32/Temp'
x86_64-pc-linux-gcc.exe -c -m32 -ffreestanding -MM ../Source/Main.c > Dependency.dep
cygwin warning:
  MS-DOS style path detected: Z:\OS\testOS\
  Preferred POSIX equivalent is: /cygdrive/z/OS/testOS/
  CYGWIN environment variable option "nodosfilewarning" turns off this warning.
  Consult the user's guide for more details about POSIX paths:
    http://cygwin.com/cygwin-ug-net/using.html#using-pathnames
make[2]: Leaving directory '/cygdrive/z/OS/testOS/01.Kernel32/Temp'
=== Dependancy Search Complete ===
make -C Temp -f ../makefile Kernel32.elf
make[2]: Entering directory '/cygdrive/z/OS/testOS/01.Kernel32/Temp'
x86_64-pc-linux-gcc.exe -c -m32 -ffreestanding -c ../Source/Main.c
x86_64-pc-linux-ld.exe -melf_i386 -T ../elf_i386.x -nostdlib -e Main -Ttext 0x10200 -o Kernel32.elf Main.o
make[2]: Leaving directory '/cygdrive/z/OS/testOS/01.Kernel32/Temp'
x86_64-pc-linux-objcopy -j .text -j .data -j .rodata -j .bss -S -O binary Temp/Kernel32.elf Temp/Kernel32.elf.bin
cat Temp/EntryPoint.bin Temp/Kernel32.elf.bin > Kernel32.bin
make[1]: Leaving directory '/cygdrive/z/OS/testOS/01.Kernel32'

================= build Complete ====================


================= Disk Image Build Start =================

./ImageMaker.exe 00.BootLoader/BootLoader.bin 01.Kernel32/Kernel32.bin
[INFO] Copy Boot loader to image file
[INFO] File size is aligned 512Byte
[INFO] 00.BootLoader/BootLoader.bin size = [512] and sector count = [1]
[INFO] Copy protected mode kernel to image file
[INFO] File size [682] and fill [342] byte
[INFO] 01.Kernel32/Kernel32.bin size = [682] and sector count = [2]
[INFO] Start to write kernel information
[INFO] Total sector count except boot loader [2]
[INFO] Imeage file create complete

================= All Build Complete =================

17:44:18 **** Incremental Build of configuration Default for project testOS ****
make all 

================= Build Boot Loader =================

make -C 00.BootLoader
make[1]: Entering directory '/cygdrive/z/OS/testOS/00.BootLoader'
make[1]: Nothing to be done for 'all'.
make[1]: Leaving directory '/cygdrive/z/OS/testOS/00.BootLoader'

================= Build Complete =================


================= Build 32bit Kernel ===================

make -C 01.Kernel32
make[1]: Entering directory '/cygdrive/z/OS/testOS/01.Kernel32'
mkdir -p Temp
=== Make Dependancy File ===
make -C Temp -f ../makefile InternalDependency
make[2]: Entering directory '/cygdrive/z/OS/testOS/01.Kernel32/Temp'
x86_64-pc-linux-gcc.exe -c -m32 -ffreestanding -MM ../Source/Main.c > Dependency.dep
make[2]: Leaving directory '/cygdrive/z/OS/testOS/01.Kernel32/Temp'
=== Dependancy Search Complete ===
make -C Temp -f ../makefile Kernel32.elf
make[2]: Entering directory '/cygdrive/z/OS/testOS/01.Kernel32/Temp'
make[2]: 'Kernel32.elf' is up to date.
make[2]: Leaving directory '/cygdrive/z/OS/testOS/01.Kernel32/Temp'
x86_64-pc-linux-objcopy -j .text -j .data -j .rodata -j .bss -S -O binary Temp/Kernel32.elf Temp/Kernel32.elf.bin
cat Temp/EntryPoint.bin Temp/Kernel32.elf.bin > Kernel32.bin
make[1]: Leaving directory '/cygdrive/z/OS/testOS/01.Kernel32'

================= build Complete ====================


================= Disk Image Build Start =================

./ImageMaker.exe 00.BootLoader/BootLoader.bin 01.Kernel32/Kernel32.bin
[INFO] Copy Boot loader to image file
[INFO] File size is aligned 512Byte
[INFO] 00.BootLoader/BootLoader.bin size = [512] and sector count = [1]
[INFO] Copy protected mode kernel to image file
[INFO] File size [682] and fill [342] byte
[INFO] 01.Kernel32/Kernel32.bin size = [682] and sector count = [2]
[INFO] Start to write kernel information
[INFO] Total sector count except boot loader [2]
[INFO] Imeage file create complete

================= All Build Complete =================

17:45:47 **** Incremental Build of configuration Default for project testOS ****
make all 

================= Build Boot Loader =================

make -C 00.BootLoader
make[1]: Entering directory '/cygdrive/z/OS/testOS/00.BootLoader'
make[1]: Nothing to be done for 'all'.
make[1]: Leaving directory '/cygdrive/z/OS/testOS/00.BootLoader'

================= Build Complete =================


================= Build 32bit Kernel ===================

make -C 01.Kernel32
make[1]: Entering directory '/cygdrive/z/OS/testOS/01.Kernel32'
mkdir -p Temp
=== Make Dependancy File ===
make -C Temp -f ../makefile InternalDependency
make[2]: Entering directory '/cygdrive/z/OS/testOS/01.Kernel32/Temp'
x86_64-pc-linux-gcc.exe -c -m32 -ffreestanding -MM ../Source/Main.c > Dependency.dep
make[2]: Leaving directory '/cygdrive/z/OS/testOS/01.Kernel32/Temp'
=== Dependancy Search Complete ===
make -C Temp -f ../makefile Kernel32.elf
make[2]: Entering directory '/cygdrive/z/OS/testOS/01.Kernel32/Temp'
make[2]: 'Kernel32.elf' is up to date.
make[2]: Leaving directory '/cygdrive/z/OS/testOS/01.Kernel32/Temp'
x86_64-pc-linux-objcopy -j .text -j .data -j .rodata -j .bss -S -O binary Temp/Kernel32.elf Temp/Kernel32.elf.bin
cat Temp/EntryPoint.bin Temp/Kernel32.elf.bin > Kernel32.bin
make[1]: Leaving directory '/cygdrive/z/OS/testOS/01.Kernel32'

================= build Complete ====================


================= Disk Image Build Start =================

./ImageMaker.exe 00.BootLoader/BootLoader.bin 01.Kernel32/Kernel32.bin
[INFO] Copy Boot loader to image file
[INFO] File size is aligned 512Byte
[INFO] 00.BootLoader/BootLoader.bin size = [512] and sector count = [1]
[INFO] Copy protected mode kernel to image file
[INFO] File size [682] and fill [342] byte
[INFO] 01.Kernel32/Kernel32.bin size = [682] and sector count = [2]
[INFO] Start to write kernel information
[INFO] Total sector count except boot loader [2]
[INFO] Imeage file create complete

================= All Build Complete =================

17:46:38 **** Incremental Build of configuration Default for project testOS ****
make all 

================= Build Boot Loader =================

make -C 00.BootLoader
make[1]: Entering directory '/cygdrive/z/OS/testOS/00.BootLoader'
make[1]: Nothing to be done for 'all'.
make[1]: Leaving directory '/cygdrive/z/OS/testOS/00.BootLoader'

================= Build Complete =================


================= Build 32bit Kernel ===================

make -C 01.Kernel32
make[1]: Entering directory '/cygdrive/z/OS/testOS/01.Kernel32'
mkdir -p Temp
=== Make Dependancy File ===
make -C Temp -f ../makefile InternalDependency
make[2]: Entering directory '/cygdrive/z/OS/testOS/01.Kernel32/Temp'
x86_64-pc-linux-gcc.exe -c -m32 -ffreestanding -MM ../Source/Main.c > Dependency.dep
make[2]: Leaving directory '/cygdrive/z/OS/testOS/01.Kernel32/Temp'
=== Dependancy Search Complete ===
make -C Temp -f ../makefile Kernel32.elf
make[2]: Entering directory '/cygdrive/z/OS/testOS/01.Kernel32/Temp'
x86_64-pc-linux-gcc.exe -c -m32 -ffreestanding -c ../Source/Main.c
x86_64-pc-linux-ld.exe -melf_i386 -T ../elf_i386.x -nostdlib -e Main -Ttext 0x10200 -o Kernel32.elf Main.o
make[2]: Leaving directory '/cygdrive/z/OS/testOS/01.Kernel32/Temp'
x86_64-pc-linux-objcopy -j .text -j .data -j .rodata -j .bss -S -O binary Temp/Kernel32.elf Temp/Kernel32.elf.bin
cat Temp/EntryPoint.bin Temp/Kernel32.elf.bin > Kernel32.bin
make[1]: Leaving directory '/cygdrive/z/OS/testOS/01.Kernel32'

================= build Complete ====================


================= Disk Image Build Start =================

./ImageMaker.exe 00.BootLoader/BootLoader.bin 01.Kernel32/Kernel32.bin
make: ./ImageMaker.exe: Command not found
makefile:29: recipe for target 'Disk.img' failed
make: *** [Disk.img] Error 127
17:46:58 **** Incremental Build of configuration Default for project testOS ****
make all 

================= Build Boot Loader =================

make -C 00.BootLoader
make[1]: Entering directory '/cygdrive/z/OS/testOS/00.BootLoader'
make[1]: Nothing to be done for 'all'.
make[1]: Leaving directory '/cygdrive/z/OS/testOS/00.BootLoader'

================= Build Complete =================


================= Build 32bit Kernel ===================

make -C 01.Kernel32
make[1]: Entering directory '/cygdrive/z/OS/testOS/01.Kernel32'
mkdir -p Temp
=== Make Dependancy File ===
make -C Temp -f ../makefile InternalDependency
make[2]: Entering directory '/cygdrive/z/OS/testOS/01.Kernel32/Temp'
x86_64-pc-linux-gcc.exe -c -m32 -ffreestanding -MM ../Source/Main.c > Dependency.dep
make[2]: Leaving directory '/cygdrive/z/OS/testOS/01.Kernel32/Temp'
=== Dependancy Search Complete ===
make -C Temp -f ../makefile Kernel32.elf
make[2]: Entering directory '/cygdrive/z/OS/testOS/01.Kernel32/Temp'
make[2]: 'Kernel32.elf' is up to date.
make[2]: Leaving directory '/cygdrive/z/OS/testOS/01.Kernel32/Temp'
x86_64-pc-linux-objcopy -j .text -j .data -j .rodata -j .bss -S -O binary Temp/Kernel32.elf Temp/Kernel32.elf.bin
cat Temp/EntryPoint.bin Temp/Kernel32.elf.bin > Kernel32.bin
make[1]: Leaving directory '/cygdrive/z/OS/testOS/01.Kernel32'

================= build Complete ====================


================= Disk Image Build Start =================

./ImageMaker.exe 00.BootLoader/BootLoader.bin 01.Kernel32/Kernel32.bin
make: ./ImageMaker.exe: Command not found
makefile:29: recipe for target 'Disk.img' failed
make: *** [Disk.img] Error 127
17:48:06 **** Incremental Build of configuration Default for project testOS ****
make all 

================= Build Boot Loader =================

make -C 00.BootLoader
make[1]: Entering directory '/cygdrive/z/OS/testOS/00.BootLoader'
make[1]: Nothing to be done for 'all'.
make[1]: Leaving directory '/cygdrive/z/OS/testOS/00.BootLoader'

================= Build Complete =================


================= Build 32bit Kernel ===================

make -C 01.Kernel32
make[1]: Entering directory '/cygdrive/z/OS/testOS/01.Kernel32'
mkdir -p Temp
=== Make Dependancy File ===
make -C Temp -f ../makefile InternalDependency
make[2]: Entering directory '/cygdrive/z/OS/testOS/01.Kernel32/Temp'
x86_64-pc-linux-gcc.exe -c -m32 -ffreestanding -MM ../Source/Main.c > Dependency.dep
make[2]: Leaving directory '/cygdrive/z/OS/testOS/01.Kernel32/Temp'
=== Dependancy Search Complete ===
make -C Temp -f ../makefile Kernel32.elf
make[2]: Entering directory '/cygdrive/z/OS/testOS/01.Kernel32/Temp'
make[2]: 'Kernel32.elf' is up to date.
make[2]: Leaving directory '/cygdrive/z/OS/testOS/01.Kernel32/Temp'
x86_64-pc-linux-objcopy -j .text -j .data -j .rodata -j .bss -S -O binary Temp/Kernel32.elf Temp/Kernel32.elf.bin
cat Temp/EntryPoint.bin Temp/Kernel32.elf.bin > Kernel32.bin
make[1]: Leaving directory '/cygdrive/z/OS/testOS/01.Kernel32'

================= build Complete ====================


================= Disk Image Build Start =================

./ImageMaker.exe 00.BootLoader/BootLoader.bin 01.Kernel32/Kernel32.bin
make: ./ImageMaker.exe: Command not found
makefile:29: recipe for target 'Disk.img' failed
make: *** [Disk.img] Error 127
17:51:18 **** Incremental Build of configuration Default for project testOS ****
make all 

================= Build Boot Loader =================

make -C 00.BootLoader
make[1]: Entering directory '/cygdrive/z/OS/testOS/00.BootLoader'
make[1]: Nothing to be done for 'all'.
make[1]: Leaving directory '/cygdrive/z/OS/testOS/00.BootLoader'

================= Build Complete =================


================= Build 32bit Kernel ===================

make -C 01.Kernel32
make[1]: Entering directory '/cygdrive/z/OS/testOS/01.Kernel32'
mkdir -p Temp
=== Make Dependancy File ===
make -C Temp -f ../makefile InternalDependency
make[2]: Entering directory '/cygdrive/z/OS/testOS/01.Kernel32/Temp'
x86_64-pc-linux-gcc.exe -c -m32 -ffreestanding -MM ../Source/Main.c > Dependency.dep
make[2]: Leaving directory '/cygdrive/z/OS/testOS/01.Kernel32/Temp'
=== Dependancy Search Complete ===
make -C Temp -f ../makefile Kernel32.elf
make[2]: Entering directory '/cygdrive/z/OS/testOS/01.Kernel32/Temp'
make[2]: 'Kernel32.elf' is up to date.
make[2]: Leaving directory '/cygdrive/z/OS/testOS/01.Kernel32/Temp'
x86_64-pc-linux-objcopy -j .text -j .data -j .rodata -j .bss -S -O binary Temp/Kernel32.elf Temp/Kernel32.elf.bin
cat Temp/EntryPoint.bin Temp/Kernel32.elf.bin > Kernel32.bin
make[1]: Leaving directory '/cygdrive/z/OS/testOS/01.Kernel32'

================= build Complete ====================


================= Disk Image Build Start =================

./ImageMaker.exe 00.BootLoader/BootLoader.bin 01.Kernel32/Kernel32.bin
make: ./ImageMaker.exe: Command not found
makefile:29: recipe for target 'Disk.img' failed
make: *** [Disk.img] Error 127
17:52:37 **** Incremental Build of configuration Default for project testOS ****
make all 

================= Build Boot Loader =================

make -C 00.BootLoader
make[1]: Entering directory '/cygdrive/z/OS/testOS/00.BootLoader'
make[1]: Nothing to be done for 'all'.
make[1]: Leaving directory '/cygdrive/z/OS/testOS/00.BootLoader'

================= Build Complete =================


================= Build 32bit Kernel ===================

make -C 01.Kernel32
make[1]: Entering directory '/cygdrive/z/OS/testOS/01.Kernel32'
mkdir -p Temp
=== Make Dependancy File ===
make -C Temp -f ../makefile InternalDependency
make[2]: Entering directory '/cygdrive/z/OS/testOS/01.Kernel32/Temp'
x86_64-pc-linux-gcc.exe -c -m32 -ffreestanding -MM ../Source/Main.c > Dependency.dep
make[2]: Leaving directory '/cygdrive/z/OS/testOS/01.Kernel32/Temp'
=== Dependancy Search Complete ===
make -C Temp -f ../makefile Kernel32.elf
make[2]: Entering directory '/cygdrive/z/OS/testOS/01.Kernel32/Temp'
make[2]: 'Kernel32.elf' is up to date.
make[2]: Leaving directory '/cygdrive/z/OS/testOS/01.Kernel32/Temp'
x86_64-pc-linux-objcopy -j .text -j .data -j .rodata -j .bss -S -O binary Temp/Kernel32.elf Temp/Kernel32.elf.bin
cat Temp/EntryPoint.bin Temp/Kernel32.elf.bin > Kernel32.bin
make[1]: Leaving directory '/cygdrive/z/OS/testOS/01.Kernel32'

================= build Complete ====================


================= Disk Image Build Start =================

./ImageMaker.exe 00.BootLoader/BootLoader.bin 01.Kernel32/Kernel32.bin
make: ./ImageMaker.exe: Command not found
makefile:29: recipe for target 'Disk.img' failed
make: *** [Disk.img] Error 127
17:54:58 **** Incremental Build of configuration Default for project testOS ****
make all 

================= Build Boot Loader =================

make -C 00.BootLoader
make[1]: Entering directory '/cygdrive/z/OS/testOS/00.BootLoader'
make[1]: Nothing to be done for 'all'.
make[1]: Leaving directory '/cygdrive/z/OS/testOS/00.BootLoader'

================= Build Complete =================


================= Build 32bit Kernel ===================

make -C 01.Kernel32
make[1]: Entering directory '/cygdrive/z/OS/testOS/01.Kernel32'
mkdir -p Temp
=== Make Dependancy File ===
make -C Temp -f ../makefile InternalDependency
make[2]: Entering directory '/cygdrive/z/OS/testOS/01.Kernel32/Temp'
x86_64-pc-linux-gcc.exe -c -m32 -ffreestanding -MM ../Source/Main.c > Dependency.dep
make[2]: Leaving directory '/cygdrive/z/OS/testOS/01.Kernel32/Temp'
=== Dependancy Search Complete ===
make -C Temp -f ../makefile Kernel32.elf
make[2]: Entering directory '/cygdrive/z/OS/testOS/01.Kernel32/Temp'
make[2]: 'Kernel32.elf' is up to date.
make[2]: Leaving directory '/cygdrive/z/OS/testOS/01.Kernel32/Temp'
x86_64-pc-linux-objcopy -j .text -j .data -j .rodata -j .bss -S -O binary Temp/Kernel32.elf Temp/Kernel32.elf.bin
cat Temp/EntryPoint.bin Temp/Kernel32.elf.bin > Kernel32.bin
make[1]: Leaving directory '/cygdrive/z/OS/testOS/01.Kernel32'

================= build Complete ====================


================= Disk Image Build Start =================

./ImageMaker.exe 00.BootLoader/BootLoader.bin 01.Kernel32/Kernel32.bin
[INFO] Copy Boot loader to image file
[INFO] File size is aligned 512Byte
[INFO] 00.BootLoader/BootLoader.bin size = [512] and sector count = [1]
[INFO] Copy protected mode kernel to image file
[INFO] File size [688] and fill [336] byte
[INFO] 01.Kernel32/Kernel32.bin size = [688] and sector count = [2]
[INFO] Start to write kernel information
[INFO] Total sector count except boot loader [2]
[INFO] Imeage file create complete

================= All Build Complete =================

17:56:59 **** Incremental Build of configuration Default for project testOS ****
make all 

================= Build Boot Loader =================

make -C 00.BootLoader
make[1]: Entering directory '/cygdrive/z/OS/testOS/00.BootLoader'
make[1]: Nothing to be done for 'all'.
make[1]: Leaving directory '/cygdrive/z/OS/testOS/00.BootLoader'

================= Build Complete =================


================= Build 32bit Kernel ===================

make -C 01.Kernel32
make[1]: Entering directory '/cygdrive/z/OS/testOS/01.Kernel32'
mkdir -p Temp
=== Make Dependancy File ===
make -C Temp -f ../makefile InternalDependency
make[2]: Entering directory '/cygdrive/z/OS/testOS/01.Kernel32/Temp'
x86_64-pc-linux-gcc.exe -c -m32 -ffreestanding -MM ../Source/Main.c > Dependency.dep
make[2]: Leaving directory '/cygdrive/z/OS/testOS/01.Kernel32/Temp'
=== Dependancy Search Complete ===
make -C Temp -f ../makefile Kernel32.elf
make[2]: Entering directory '/cygdrive/z/OS/testOS/01.Kernel32/Temp'
make[2]: 'Kernel32.elf' is up to date.
make[2]: Leaving directory '/cygdrive/z/OS/testOS/01.Kernel32/Temp'
x86_64-pc-linux-objcopy -j .text -j .data -j .rodata -j .bss -S -O binary Temp/Kernel32.elf Temp/Kernel32.elf.bin
cat Temp/EntryPoint.bin Temp/Kernel32.elf.bin > Kernel32.bin
make[1]: Leaving directory '/cygdrive/z/OS/testOS/01.Kernel32'

================= build Complete ====================


================= Disk Image Build Start =================

./ImageMaker.exe 00.BootLoader/BootLoader.bin 01.Kernel32/Kernel32.bin
[INFO] Copy Boot loader to image file
[INFO] File size is aligned 512Byte
[INFO] 00.BootLoader/BootLoader.bin size = [512] and sector count = [1]
[INFO] Copy protected mode kernel to image file
[INFO] File size [688] and fill [336] byte
[INFO] 01.Kernel32/Kernel32.bin size = [688] and sector count = [2]
[INFO] Start to write kernel information
[INFO] Total sector count except boot loader [2]
[INFO] Imeage file create complete

================= All Build Complete =================

17:58:25 **** Incremental Build of configuration Default for project testOS ****
make all 

================= Build Boot Loader =================

make -C 00.BootLoader
make[1]: Entering directory '/cygdrive/z/OS/testOS/00.BootLoader'
make[1]: Nothing to be done for 'all'.
make[1]: Leaving directory '/cygdrive/z/OS/testOS/00.BootLoader'

================= Build Complete =================


================= Build 32bit Kernel ===================

make -C 01.Kernel32
make[1]: Entering directory '/cygdrive/z/OS/testOS/01.Kernel32'
mkdir -p Temp
=== Make Dependancy File ===
make -C Temp -f ../makefile InternalDependency
make[2]: Entering directory '/cygdrive/z/OS/testOS/01.Kernel32/Temp'
x86_64-pc-linux-gcc.exe -c -m32 -ffreestanding -MM ../Source/Main.c > Dependency.dep
make[2]: Leaving directory '/cygdrive/z/OS/testOS/01.Kernel32/Temp'
=== Dependancy Search Complete ===
make -C Temp -f ../makefile Kernel32.elf
make[2]: Entering directory '/cygdrive/z/OS/testOS/01.Kernel32/Temp'
make[2]: 'Kernel32.elf' is up to date.
make[2]: Leaving directory '/cygdrive/z/OS/testOS/01.Kernel32/Temp'
x86_64-pc-linux-objcopy -j .text -j .data -j .rodata -j .bss -S -O binary Temp/Kernel32.elf Temp/Kernel32.elf.bin
cat Temp/EntryPoint.bin Temp/Kernel32.elf.bin > Kernel32.bin
make[1]: Leaving directory '/cygdrive/z/OS/testOS/01.Kernel32'

================= build Complete ====================


================= Disk Image Build Start =================

./ImageMaker.exe 00.BootLoader/BootLoader.bin 01.Kernel32/Kernel32.bin
[INFO] Copy Boot loader to image file
[INFO] File size is aligned 512Byte
[INFO] 00.BootLoader/BootLoader.bin size = [512] and sector count = [1]
[INFO] Copy protected mode kernel to image file
[INFO] File size [686] and fill [338] byte
[INFO] 01.Kernel32/Kernel32.bin size = [686] and sector count = [2]
[INFO] Start to write kernel information
[INFO] Total sector count except boot loader [2]
[INFO] Imeage file create complete

================= All Build Complete =================

17:59:51 **** Incremental Build of configuration Default for project testOS ****
make all 

================= Build Boot Loader =================

make -C 00.BootLoader
make[1]: Entering directory '/cygdrive/z/OS/testOS/00.BootLoader'
make[1]: Nothing to be done for 'all'.
make[1]: Leaving directory '/cygdrive/z/OS/testOS/00.BootLoader'

================= Build Complete =================


================= Build 32bit Kernel ===================

make -C 01.Kernel32
make[1]: Entering directory '/cygdrive/z/OS/testOS/01.Kernel32'
mkdir -p Temp
=== Make Dependancy File ===
make -C Temp -f ../makefile InternalDependency
make[2]: Entering directory '/cygdrive/z/OS/testOS/01.Kernel32/Temp'
x86_64-pc-linux-gcc.exe -c -m32 -ffreestanding -MM ../Source/Main.c > Dependency.dep
make[2]: Leaving directory '/cygdrive/z/OS/testOS/01.Kernel32/Temp'
=== Dependancy Search Complete ===
make -C Temp -f ../makefile Kernel32.elf
make[2]: Entering directory '/cygdrive/z/OS/testOS/01.Kernel32/Temp'
make[2]: 'Kernel32.elf' is up to date.
make[2]: Leaving directory '/cygdrive/z/OS/testOS/01.Kernel32/Temp'
x86_64-pc-linux-objcopy -j .text -j .data -j .rodata -j .bss -S -O binary Temp/Kernel32.elf Temp/Kernel32.elf.bin
cat Temp/EntryPoint.bin Temp/Kernel32.elf.bin > Kernel32.bin
make[1]: Leaving directory '/cygdrive/z/OS/testOS/01.Kernel32'

================= build Complete ====================


================= Disk Image Build Start =================

./ImageMaker.exe 00.BootLoader/BootLoader.bin 01.Kernel32/Kernel32.bin
[INFO] Copy Boot loader to image file
[INFO] File size is aligned 512Byte
[INFO] 00.BootLoader/BootLoader.bin size = [512] and sector count = [1]
[INFO] Copy protected mode kernel to image file
[INFO] File size [687] and fill [337] byte
[INFO] 01.Kernel32/Kernel32.bin size = [687] and sector count = [2]
[INFO] Start to write kernel information
[INFO] Total sector count except boot loader [2]
[INFO] Imeage file create complete

================= All Build Complete =================

20:25:01 **** Incremental Build of configuration Default for project testOS ****
make all 

================= Build Boot Loader =================

make -C 00.BootLoader
make[1]: Entering directory '/cygdrive/z/OS/testOS/00.BootLoader'
make[1]: Nothing to be done for 'all'.
make[1]: Leaving directory '/cygdrive/z/OS/testOS/00.BootLoader'

================= Build Complete =================


================= Build 32bit Kernel ===================

make -C 01.Kernel32
make[1]: Entering directory '/cygdrive/z/OS/testOS/01.Kernel32'
mkdir -p Temp
=== Make Dependancy File ===
make -C Temp -f ../makefile InternalDependency
make[2]: Entering directory '/cygdrive/z/OS/testOS/01.Kernel32/Temp'
x86_64-pc-linux-gcc.exe -c -m32 -ffreestanding -MM ../Source/Main.c > Dependency.dep
cygwin warning:
  MS-DOS style path detected: Z:\OS\testOS\
  Preferred POSIX equivalent is: /cygdrive/z/OS/testOS/
  CYGWIN environment variable option "nodosfilewarning" turns off this warning.
  Consult the user's guide for more details about POSIX paths:
    http://cygwin.com/cygwin-ug-net/using.html#using-pathnames
make[2]: Leaving directory '/cygdrive/z/OS/testOS/01.Kernel32/Temp'
=== Dependancy Search Complete ===
make -C Temp -f ../makefile Kernel32.elf
make[2]: Entering directory '/cygdrive/z/OS/testOS/01.Kernel32/Temp'
make[2]: 'Kernel32.elf' is up to date.
make[2]: Leaving directory '/cygdrive/z/OS/testOS/01.Kernel32/Temp'
x86_64-pc-linux-objcopy -j .text -j .data -j .rodata -j .bss -S -O binary Temp/Kernel32.elf Temp/Kernel32.elf.bin
cat Temp/EntryPoint.bin Temp/Kernel32.elf.bin > Kernel32.bin
make[1]: Leaving directory '/cygdrive/z/OS/testOS/01.Kernel32'

================= build Complete ====================


================= Disk Image Build Start =================

./ImageMaker.exe 00.BootLoader/BootLoader.bin 01.Kernel32/Kernel32.bin
[INFO] Copy Boot loader to image file
[INFO] File size is aligned 512Byte
[INFO] 00.BootLoader/BootLoader.bin size = [512] and sector count = [1]
[INFO] Copy protected mode kernel to image file
[INFO] File size [687] and fill [337] byte
[INFO] 01.Kernel32/Kernel32.bin size = [687] and sector count = [2]
[INFO] Start to write kernel information
[INFO] Total sector count except boot loader [2]
[INFO] Imeage file create complete

================= All Build Complete =================

20:25:16 **** Incremental Build of configuration Default for project testOS ****
make all 

================= Build Boot Loader =================

make -C 00.BootLoader
make[1]: Entering directory '/cygdrive/z/OS/testOS/00.BootLoader'
make[1]: Nothing to be done for 'all'.
make[1]: Leaving directory '/cygdrive/z/OS/testOS/00.BootLoader'

================= Build Complete =================


================= Build 32bit Kernel ===================

make -C 01.Kernel32
make[1]: Entering directory '/cygdrive/z/OS/testOS/01.Kernel32'
mkdir -p Temp
=== Make Dependancy File ===
make -C Temp -f ../makefile InternalDependency
make[2]: Entering directory '/cygdrive/z/OS/testOS/01.Kernel32/Temp'
x86_64-pc-linux-gcc.exe -c -m32 -ffreestanding -MM ../Source/Main.c > Dependency.dep
cygwin warning:
  MS-DOS style path detected: Z:\OS\testOS\
  Preferred POSIX equivalent is: /cygdrive/z/OS/testOS/
  CYGWIN environment variable option "nodosfilewarning" turns off this warning.
  Consult the user's guide for more details about POSIX paths:
    http://cygwin.com/cygwin-ug-net/using.html#using-pathnames
make[2]: Leaving directory '/cygdrive/z/OS/testOS/01.Kernel32/Temp'
=== Dependancy Search Complete ===
make -C Temp -f ../makefile Kernel32.elf
make[2]: Entering directory '/cygdrive/z/OS/testOS/01.Kernel32/Temp'
make[2]: 'Kernel32.elf' is up to date.
make[2]: Leaving directory '/cygdrive/z/OS/testOS/01.Kernel32/Temp'
x86_64-pc-linux-objcopy -j .text -j .data -j .rodata -j .bss -S -O binary Temp/Kernel32.elf Temp/Kernel32.elf.bin
cat Temp/EntryPoint.bin Temp/Kernel32.elf.bin > Kernel32.bin
make[1]: Leaving directory '/cygdrive/z/OS/testOS/01.Kernel32'

================= build Complete ====================


================= Disk Image Build Start =================

./ImageMaker.exe 00.BootLoader/BootLoader.bin 01.Kernel32/Kernel32.bin
[INFO] Copy Boot loader to image file
[INFO] File size is aligned 512Byte
[INFO] 00.BootLoader/BootLoader.bin size = [512] and sector count = [1]
[INFO] Copy protected mode kernel to image file
[INFO] File size [687] and fill [337] byte
[INFO] 01.Kernel32/Kernel32.bin size = [687] and sector count = [2]
[INFO] Start to write kernel information
[INFO] Total sector count except boot loader [2]
[INFO] Imeage file create complete

================= All Build Complete =================

20:33:05 **** Incremental Build of configuration Default for project testOS ****
make all 

================= Build Boot Loader =================

make -C 00.BootLoader
make[1]: Entering directory '/cygdrive/z/OS/testOS/00.BootLoader'
make[1]: Nothing to be done for 'all'.
make[1]: Leaving directory '/cygdrive/z/OS/testOS/00.BootLoader'

================= Build Complete =================


================= Build 32bit Kernel ===================

make -C 01.Kernel32
make[1]: Entering directory '/cygdrive/z/OS/testOS/01.Kernel32'
mkdir -p Temp
=== Make Dependancy File ===
make -C Temp -f ../makefile InternalDependency
make[2]: Entering directory '/cygdrive/z/OS/testOS/01.Kernel32/Temp'
x86_64-pc-linux-gcc.exe -c -m32 -ffreestanding -MM ../Source/Main.c > Dependency.dep
cygwin warning:
  MS-DOS style path detected: Z:\OS\testOS\
  Preferred POSIX equivalent is: /cygdrive/z/OS/testOS/
  CYGWIN environment variable option "nodosfilewarning" turns off this warning.
  Consult the user's guide for more details about POSIX paths:
    http://cygwin.com/cygwin-ug-net/using.html#using-pathnames
make[2]: Leaving directory '/cygdrive/z/OS/testOS/01.Kernel32/Temp'
=== Dependancy Search Complete ===
make -C Temp -f ../makefile Kernel32.elf
make[2]: Entering directory '/cygdrive/z/OS/testOS/01.Kernel32/Temp'
make[2]: 'Kernel32.elf' is up to date.
make[2]: Leaving directory '/cygdrive/z/OS/testOS/01.Kernel32/Temp'
x86_64-pc-linux-objcopy -j .text -j .data -j .rodata -j .bss -S -O binary Temp/Kernel32.elf Temp/Kernel32.elf.bin
cat Temp/EntryPoint.bin Temp/Kernel32.elf.bin > Kernel32.bin
make[1]: Leaving directory '/cygdrive/z/OS/testOS/01.Kernel32'

================= build Complete ====================


================= Disk Image Build Start =================

./ImageMaker.exe 00.BootLoader/BootLoader.bin 01.Kernel32/Kernel32.bin
[INFO] Copy Boot loader to image file
[INFO] File size is aligned 512Byte
[INFO] 00.BootLoader/BootLoader.bin size = [512] and sector count = [1]
[INFO] Copy protected mode kernel to image file
[INFO] File size [687] and fill [337] byte
[INFO] 01.Kernel32/Kernel32.bin size = [687] and sector count = [2]
[INFO] Start to write kernel information
[INFO] Total sector count except boot loader [2]
[INFO] Imeage file create complete

================= All Build Complete =================

20:34:44 **** Incremental Build of configuration Default for project testOS ****
make all 

================= Build Boot Loader =================

make -C 00.BootLoader
make[1]: Entering directory '/cygdrive/z/OS/testOS/00.BootLoader'
make[1]: Nothing to be done for 'all'.
make[1]: Leaving directory '/cygdrive/z/OS/testOS/00.BootLoader'

================= Build Complete =================


================= Build 32bit Kernel ===================

make -C 01.Kernel32
make[1]: Entering directory '/cygdrive/z/OS/testOS/01.Kernel32'
mkdir -p Temp
=== Make Dependancy File ===
make -C Temp -f ../makefile InternalDependency
make[2]: Entering directory '/cygdrive/z/OS/testOS/01.Kernel32/Temp'
x86_64-pc-linux-gcc.exe -c -m32 -ffreestanding -MM ../Source/Main.c > Dependency.dep
cygwin warning:
  MS-DOS style path detected: Z:\OS\testOS\
  Preferred POSIX equivalent is: /cygdrive/z/OS/testOS/
  CYGWIN environment variable option "nodosfilewarning" turns off this warning.
  Consult the user's guide for more details about POSIX paths:
    http://cygwin.com/cygwin-ug-net/using.html#using-pathnames
make[2]: Leaving directory '/cygdrive/z/OS/testOS/01.Kernel32/Temp'
=== Dependancy Search Complete ===
make -C Temp -f ../makefile Kernel32.elf
make[2]: Entering directory '/cygdrive/z/OS/testOS/01.Kernel32/Temp'
make[2]: 'Kernel32.elf' is up to date.
make[2]: Leaving directory '/cygdrive/z/OS/testOS/01.Kernel32/Temp'
x86_64-pc-linux-objcopy -j .text -j .data -j .rodata -j .bss -S -O binary Temp/Kernel32.elf Temp/Kernel32.elf.bin
cat Temp/EntryPoint.bin Temp/Kernel32.elf.bin > Kernel32.bin
make[1]: Leaving directory '/cygdrive/z/OS/testOS/01.Kernel32'

================= build Complete ====================


================= Disk Image Build Start =================

./ImageMaker.exe 00.BootLoader/BootLoader.bin 01.Kernel32/Kernel32.bin
[INFO] Copy Boot loader to image file
[INFO] File size is aligned 512Byte
[INFO] 00.BootLoader/BootLoader.bin size = [512] and sector count = [1]
[INFO] Copy protected mode kernel to image file
[INFO] File size [687] and fill [337] byte
[INFO] 01.Kernel32/Kernel32.bin size = [687] and sector count = [2]
[INFO] Start to write kernel information
[INFO] Total sector count except boot loader [2]
[INFO] Imeage file create complete

================= All Build Complete =================

20:35:15 **** Incremental Build of configuration Default for project testOS ****
make all 

================= Build Boot Loader =================

make -C 00.BootLoader
make[1]: Entering directory '/cygdrive/z/OS/testOS/00.BootLoader'
make[1]: Nothing to be done for 'all'.
make[1]: Leaving directory '/cygdrive/z/OS/testOS/00.BootLoader'

================= Build Complete =================


================= Build 32bit Kernel ===================

make -C 01.Kernel32
make[1]: Entering directory '/cygdrive/z/OS/testOS/01.Kernel32'
mkdir -p Temp
=== Make Dependancy File ===
make -C Temp -f ../makefile InternalDependency
make[2]: Entering directory '/cygdrive/z/OS/testOS/01.Kernel32/Temp'
x86_64-pc-linux-gcc.exe -c -m32 -ffreestanding -MM ../Source/Main.c > Dependency.dep
cygwin warning:
  MS-DOS style path detected: Z:\OS\testOS\
  Preferred POSIX equivalent is: /cygdrive/z/OS/testOS/
  CYGWIN environment variable option "nodosfilewarning" turns off this warning.
  Consult the user's guide for more details about POSIX paths:
    http://cygwin.com/cygwin-ug-net/using.html#using-pathnames
make[2]: Leaving directory '/cygdrive/z/OS/testOS/01.Kernel32/Temp'
=== Dependancy Search Complete ===
make -C Temp -f ../makefile Kernel32.elf
make[2]: Entering directory '/cygdrive/z/OS/testOS/01.Kernel32/Temp'
make[2]: 'Kernel32.elf' is up to date.
make[2]: Leaving directory '/cygdrive/z/OS/testOS/01.Kernel32/Temp'
x86_64-pc-linux-objcopy -j .text -j .data -j .rodata -j .bss -S -O binary Temp/Kernel32.elf Temp/Kernel32.elf.bin
cat Temp/EntryPoint.bin Temp/Kernel32.elf.bin > Kernel32.bin
make[1]: Leaving directory '/cygdrive/z/OS/testOS/01.Kernel32'

================= build Complete ====================


================= Disk Image Build Start =================

./ImageMaker.exe 00.BootLoader/BootLoader.bin 01.Kernel32/Kernel32.bin
[INFO] Copy Boot loader to image file
[INFO] File size is aligned 512Byte
[INFO] 00.BootLoader/BootLoader.bin size = [512] and sector count = [1]
[INFO] Copy protected mode kernel to image file
[INFO] File size [687] and fill [337] byte
[INFO] 01.Kernel32/Kernel32.bin size = [687] and sector count = [2]
[INFO] Start to write kernel information
[INFO] Total sector count except boot loader [2]
[INFO] Imeage file create complete

================= All Build Complete =================

22:17:25 **** Incremental Build of configuration Default for project testOS ****
make all 

================= Build Boot Loader =================

make -C 00.BootLoader
make[1]: Entering directory '/cygdrive/z/OS/testOS/00.BootLoader'
make[1]: Nothing to be done for 'all'.
make[1]: Leaving directory '/cygdrive/z/OS/testOS/00.BootLoader'

================= Build Complete =================


================= Build 32bit Kernel ===================

make -C 01.Kernel32
make[1]: Entering directory '/cygdrive/z/OS/testOS/01.Kernel32'
mkdir -p Temp
=== Make Dependancy File ===
make -C Temp -f ../makefile InternalDependency
make[2]: Entering directory '/cygdrive/z/OS/testOS/01.Kernel32/Temp'
x86_64-pc-linux-gcc.exe -c -m32 -ffreestanding -MM ../Source/Main.c > Dependency.dep
cygwin warning:
  MS-DOS style path detected: Z:\OS\testOS\
  Preferred POSIX equivalent is: /cygdrive/z/OS/testOS/
  CYGWIN environment variable option "nodosfilewarning" turns off this warning.
  Consult the user's guide for more details about POSIX paths:
    http://cygwin.com/cygwin-ug-net/using.html#using-pathnames
make[2]: Leaving directory '/cygdrive/z/OS/testOS/01.Kernel32/Temp'
=== Dependancy Search Complete ===
make -C Temp -f ../makefile Kernel32.elf
make[2]: Entering directory '/cygdrive/z/OS/testOS/01.Kernel32/Temp'
x86_64-pc-linux-gcc.exe -c -m32 -ffreestanding -c ../Source/Main.c
x86_64-pc-linux-ld.exe -melf_i386 -T ../elf_i386.x -nostdlib -e Main -Ttext 0x10200 -o Kernel32.elf Main.o
make[2]: Leaving directory '/cygdrive/z/OS/testOS/01.Kernel32/Temp'
x86_64-pc-linux-objcopy -j .text -j .data -j .rodata -j .bss -S -O binary Temp/Kernel32.elf Temp/Kernel32.elf.bin
cat Temp/EntryPoint.bin Temp/Kernel32.elf.bin > Kernel32.bin
make[1]: Leaving directory '/cygdrive/z/OS/testOS/01.Kernel32'

================= build Complete ====================


================= Disk Image Build Start =================

./ImageMaker.exe 00.BootLoader/BootLoader.bin 01.Kernel32/Kernel32.bin
[INFO] Copy Boot loader to image file
[INFO] File size is aligned 512Byte
[INFO] 00.BootLoader/BootLoader.bin size = [512] and sector count = [1]
[INFO] Copy protected mode kernel to image file
[INFO] File size [827] and fill [197] byte
[INFO] 01.Kernel32/Kernel32.bin size = [827] and sector count = [2]
[INFO] Start to write kernel information
[INFO] Total sector count except boot loader [2]
[INFO] Imeage file create complete

================= All Build Complete =================

22:18:05 **** Incremental Build of configuration Default for project testOS ****
make all 

================= Build Boot Loader =================

make -C 00.BootLoader
make[1]: Entering directory '/cygdrive/z/OS/testOS/00.BootLoader'
make[1]: Nothing to be done for 'all'.
make[1]: Leaving directory '/cygdrive/z/OS/testOS/00.BootLoader'

================= Build Complete =================


================= Build 32bit Kernel ===================

make -C 01.Kernel32
make[1]: Entering directory '/cygdrive/z/OS/testOS/01.Kernel32'
mkdir -p Temp
=== Make Dependancy File ===
make -C Temp -f ../makefile InternalDependency
make[2]: Entering directory '/cygdrive/z/OS/testOS/01.Kernel32/Temp'
x86_64-pc-linux-gcc.exe -c -m32 -ffreestanding -MM ../Source/Main.c > Dependency.dep
cygwin warning:
  MS-DOS style path detected: Z:\OS\testOS\
  Preferred POSIX equivalent is: /cygdrive/z/OS/testOS/
  CYGWIN environment variable option "nodosfilewarning" turns off this warning.
  Consult the user's guide for more details about POSIX paths:
    http://cygwin.com/cygwin-ug-net/using.html#using-pathnames
make[2]: Leaving directory '/cygdrive/z/OS/testOS/01.Kernel32/Temp'
=== Dependancy Search Complete ===
make -C Temp -f ../makefile Kernel32.elf
make[2]: Entering directory '/cygdrive/z/OS/testOS/01.Kernel32/Temp'
x86_64-pc-linux-gcc.exe -c -m32 -ffreestanding -c ../Source/Main.c
x86_64-pc-linux-ld.exe -melf_i386 -T ../elf_i386.x -nostdlib -e Main -Ttext 0x10200 -o Kernel32.elf Main.o
make[2]: Leaving directory '/cygdrive/z/OS/testOS/01.Kernel32/Temp'
x86_64-pc-linux-objcopy -j .text -j .data -j .rodata -j .bss -S -O binary Temp/Kernel32.elf Temp/Kernel32.elf.bin
cat Temp/EntryPoint.bin Temp/Kernel32.elf.bin > Kernel32.bin
make[1]: Leaving directory '/cygdrive/z/OS/testOS/01.Kernel32'

================= build Complete ====================


================= Disk Image Build Start =================

./ImageMaker.exe 00.BootLoader/BootLoader.bin 01.Kernel32/Kernel32.bin
[INFO] Copy Boot loader to image file
[INFO] File size is aligned 512Byte
[INFO] 00.BootLoader/BootLoader.bin size = [512] and sector count = [1]
[INFO] Copy protected mode kernel to image file
[INFO] File size [831] and fill [193] byte
[INFO] 01.Kernel32/Kernel32.bin size = [831] and sector count = [2]
[INFO] Start to write kernel information
[INFO] Total sector count except boot loader [2]
[INFO] Imeage file create complete

================= All Build Complete =================

23:07:28 **** Incremental Build of configuration Default for project testOS ****
make all 

================= Build Boot Loader =================

make -C 00.BootLoader
make[1]: Entering directory '/cygdrive/z/OS/testOS/00.BootLoader'
make[1]: Nothing to be done for 'all'.
make[1]: Leaving directory '/cygdrive/z/OS/testOS/00.BootLoader'

================= Build Complete =================


================= Build 32bit Kernel ===================

make -C 01.Kernel32
make[1]: Entering directory '/cygdrive/z/OS/testOS/01.Kernel32'
mkdir -p Temp
nasm -o Temp/EntryPoint.bin Source/EntryPoint.s
Source/EntryPoint.s:25: error: symbol `START.A20GATEERROR' undefined
make[1]: *** [Temp/EntryPoint.bin] Error 1
make: *** [Kernel32] Error 2
makefile:33: recipe for target 'Temp/EntryPoint.bin' failed
make[1]: Leaving directory '/cygdrive/z/OS/testOS/01.Kernel32'
makefile:17: recipe for target 'Kernel32' failed
23:09:18 **** Incremental Build of configuration Default for project testOS ****
make all 

================= Build Boot Loader =================

make -C 00.BootLoader
make[1]: Entering directory '/cygdrive/z/OS/testOS/00.BootLoader'
make[1]: Nothing to be done for 'all'.
make[1]: Leaving directory '/cygdrive/z/OS/testOS/00.BootLoader'

================= Build Complete =================


================= Build 32bit Kernel ===================

make -C 01.Kernel32
make[1]: Entering directory '/cygdrive/z/OS/testOS/01.Kernel32'
mkdir -p Temp
nasm -o Temp/EntryPoint.bin Source/EntryPoint.s
Source/EntryPoint.s:25: error: symbol `START.A20GATEERROR' undefined
make[1]: *** [Temp/EntryPoint.bin] Error 1
makefile:33: recipe for target 'Temp/EntryPoint.bin' failed
make[1]: Leaving directory '/cygdrive/z/OS/testOS/01.Kernel32'
makefile:17: recipe for target 'Kernel32' failed
make: *** [Kernel32] Error 2
23:09:39 **** Incremental Build of configuration Default for project testOS ****
make all 

================= Build Boot Loader =================

make -C 00.BootLoader
make[1]: Entering directory '/cygdrive/z/OS/testOS/00.BootLoader'
make[1]: Nothing to be done for 'all'.
make[1]: Leaving directory '/cygdrive/z/OS/testOS/00.BootLoader'

================= Build Complete =================


================= Build 32bit Kernel ===================

make -C 01.Kernel32
make[1]: Entering directory '/cygdrive/z/OS/testOS/01.Kernel32'
mkdir -p Temp
nasm -o Temp/EntryPoint.bin Source/EntryPoint.s
Source/EntryPoint.s:25: error: symbol `START.A20GATEERROR' undefined
makefile:33: recipe for target 'Temp/EntryPoint.bin' failed
make[1]: *** [Temp/EntryPoint.bin] Error 1
make[1]: Leaving directory '/cygdrive/z/OS/testOS/01.Kernel32'
makefile:17: recipe for target 'Kernel32' failed
make: *** [Kernel32] Error 2
23:09:53 **** Incremental Build of configuration Default for project testOS ****
make all 

================= Build Boot Loader =================

make -C 00.BootLoader
make[1]: Entering directory '/cygdrive/z/OS/testOS/00.BootLoader'
make[1]: Nothing to be done for 'all'.
make[1]: Leaving directory '/cygdrive/z/OS/testOS/00.BootLoader'

================= Build Complete =================


================= Build 32bit Kernel ===================

make -C 01.Kernel32
make[1]: Entering directory '/cygdrive/z/OS/testOS/01.Kernel32'
mkdir -p Temp
nasm -o Temp/EntryPoint.bin Source/EntryPoint.s
Source/EntryPoint.s:25: error: symbol `START.A20GATEERROR' undefined
make[1]: *** [Temp/EntryPoint.bin] Error 1
makefile:33: recipe for target 'Temp/EntryPoint.bin' failed
make[1]: Leaving directory '/cygdrive/z/OS/testOS/01.Kernel32'
makefile:17: recipe for target 'Kernel32' failed
make: *** [Kernel32] Error 2
23:10:46 **** Incremental Build of configuration Default for project testOS ****
make all 

================= Build Boot Loader =================

make -C 00.BootLoader
make[1]: Entering directory '/cygdrive/z/OS/testOS/00.BootLoader'
make[1]: Nothing to be done for 'all'.
make[1]: Leaving directory '/cygdrive/z/OS/testOS/00.BootLoader'

================= Build Complete =================


================= Build 32bit Kernel ===================

make -C 01.Kernel32
make[1]: Entering directory '/cygdrive/z/OS/testOS/01.Kernel32'
mkdir -p Temp
nasm -o Temp/EntryPoint.bin Source/EntryPoint.s
=== Make Dependancy File ===
make -C Temp -f ../makefile InternalDependency
make[2]: Entering directory '/cygdrive/z/OS/testOS/01.Kernel32/Temp'
x86_64-pc-linux-gcc.exe -c -m32 -ffreestanding -MM ../Source/Main.c > Dependency.dep
cygwin warning:
  MS-DOS style path detected: Z:\OS\testOS\
  Preferred POSIX equivalent is: /cygdrive/z/OS/testOS/
  CYGWIN environment variable option "nodosfilewarning" turns off this warning.
  Consult the user's guide for more details about POSIX paths:
    http://cygwin.com/cygwin-ug-net/using.html#using-pathnames
make[2]: Leaving directory '/cygdrive/z/OS/testOS/01.Kernel32/Temp'
=== Dependancy Search Complete ===
make -C Temp -f ../makefile Kernel32.elf
make[2]: Entering directory '/cygdrive/z/OS/testOS/01.Kernel32/Temp'
x86_64-pc-linux-gcc.exe -c -m32 -ffreestanding -c ../Source/Main.c
x86_64-pc-linux-ld.exe -melf_i386 -T ../elf_i386.x -nostdlib -e Main -Ttext 0x10200 -o Kernel32.elf Main.o
make[2]: Leaving directory '/cygdrive/z/OS/testOS/01.Kernel32/Temp'
x86_64-pc-linux-objcopy -j .text -j .data -j .rodata -j .bss -S -O binary Temp/Kernel32.elf Temp/Kernel32.elf.bin
cat Temp/EntryPoint.bin Temp/Kernel32.elf.bin > Kernel32.bin
make[1]: Leaving directory '/cygdrive/z/OS/testOS/01.Kernel32'

================= build Complete ====================


================= Disk Image Build Start =================

./ImageMaker.exe 00.BootLoader/BootLoader.bin 01.Kernel32/Kernel32.bin
[INFO] Copy Boot loader to image file
[INFO] File size is aligned 512Byte
[INFO] 00.BootLoader/BootLoader.bin size = [512] and sector count = [1]
[INFO] Copy protected mode kernel to image file
[INFO] File size [1267] and fill [269] byte
[INFO] 01.Kernel32/Kernel32.bin size = [1267] and sector count = [3]
[INFO] Start to write kernel information
[INFO] Total sector count except boot loader [3]
[INFO] Imeage file create complete

================= All Build Complete =================

23:12:27 **** Incremental Build of configuration Default for project testOS ****
make all 

================= Build Boot Loader =================

make -C 00.BootLoader
make[1]: Entering directory '/cygdrive/z/OS/testOS/00.BootLoader'
make[1]: Nothing to be done for 'all'.
make[1]: Leaving directory '/cygdrive/z/OS/testOS/00.BootLoader'

================= Build Complete =================


================= Build 32bit Kernel ===================

make -C 01.Kernel32
make[1]: Entering directory '/cygdrive/z/OS/testOS/01.Kernel32'
mkdir -p Temp
=== Make Dependancy File ===
make -C Temp -f ../makefile InternalDependency
make[2]: Entering directory '/cygdrive/z/OS/testOS/01.Kernel32/Temp'
x86_64-pc-linux-gcc.exe -c -m32 -ffreestanding -MM ../Source/Main.c > Dependency.dep
cygwin warning:
  MS-DOS style path detected: Z:\OS\testOS\
  Preferred POSIX equivalent is: /cygdrive/z/OS/testOS/
  CYGWIN environment variable option "nodosfilewarning" turns off this warning.
  Consult the user's guide for more details about POSIX paths:
    http://cygwin.com/cygwin-ug-net/using.html#using-pathnames
make[2]: Leaving directory '/cygdrive/z/OS/testOS/01.Kernel32/Temp'
=== Dependancy Search Complete ===
make -C Temp -f ../makefile Kernel32.elf
make[2]: Entering directory '/cygdrive/z/OS/testOS/01.Kernel32/Temp'
x86_64-pc-linux-gcc.exe -c -m32 -ffreestanding -c ../Source/Main.c
x86_64-pc-linux-ld.exe -melf_i386 -T ../elf_i386.x -nostdlib -e Main -Ttext 0x10200 -o Kernel32.elf Main.o
make[2]: Leaving directory '/cygdrive/z/OS/testOS/01.Kernel32/Temp'
x86_64-pc-linux-objcopy -j .text -j .data -j .rodata -j .bss -S -O binary Temp/Kernel32.elf Temp/Kernel32.elf.bin
cat Temp/EntryPoint.bin Temp/Kernel32.elf.bin > Kernel32.bin
make[1]: Leaving directory '/cygdrive/z/OS/testOS/01.Kernel32'

================= build Complete ====================


================= Disk Image Build Start =================

./ImageMaker.exe 00.BootLoader/BootLoader.bin 01.Kernel32/Kernel32.bin
[INFO] Copy Boot loader to image file
[INFO] File size is aligned 512Byte
[INFO] 00.BootLoader/BootLoader.bin size = [512] and sector count = [1]
[INFO] Copy protected mode kernel to image file
[INFO] File size [1267] and fill [269] byte
[INFO] 01.Kernel32/Kernel32.bin size = [1267] and sector count = [3]
[INFO] Start to write kernel information
[INFO] Total sector count except boot loader [3]
[INFO] Imeage file create complete

================= All Build Complete =================

23:13:48 **** Incremental Build of configuration Default for project testOS ****
make all 

================= Build Boot Loader =================

make -C 00.BootLoader
make[1]: Entering directory '/cygdrive/z/OS/testOS/00.BootLoader'
make[1]: Nothing to be done for 'all'.
make[1]: Leaving directory '/cygdrive/z/OS/testOS/00.BootLoader'

================= Build Complete =================


================= Build 32bit Kernel ===================

make -C 01.Kernel32
make[1]: Entering directory '/cygdrive/z/OS/testOS/01.Kernel32'
mkdir -p Temp
=== Make Dependancy File ===
make -C Temp -f ../makefile InternalDependency
make[2]: Entering directory '/cygdrive/z/OS/testOS/01.Kernel32/Temp'
x86_64-pc-linux-gcc.exe -c -m32 -ffreestanding -MM ../Source/Main.c > Dependency.dep
cygwin warning:
  MS-DOS style path detected: Z:\OS\testOS\
  Preferred POSIX equivalent is: /cygdrive/z/OS/testOS/
  CYGWIN environment variable option "nodosfilewarning" turns off this warning.
  Consult the user's guide for more details about POSIX paths:
    http://cygwin.com/cygwin-ug-net/using.html#using-pathnames
make[2]: Leaving directory '/cygdrive/z/OS/testOS/01.Kernel32/Temp'
=== Dependancy Search Complete ===
make -C Temp -f ../makefile Kernel32.elf
make[2]: Entering directory '/cygdrive/z/OS/testOS/01.Kernel32/Temp'
x86_64-pc-linux-gcc.exe -c -m32 -ffreestanding -c ../Source/Main.c
x86_64-pc-linux-ld.exe -melf_i386 -T ../elf_i386.x -nostdlib -e Main -Ttext 0x10200 -o Kernel32.elf Main.o
make[2]: Leaving directory '/cygdrive/z/OS/testOS/01.Kernel32/Temp'
x86_64-pc-linux-objcopy -j .text -j .data -j .rodata -j .bss -S -O binary Temp/Kernel32.elf Temp/Kernel32.elf.bin
cat Temp/EntryPoint.bin Temp/Kernel32.elf.bin > Kernel32.bin
make[1]: Leaving directory '/cygdrive/z/OS/testOS/01.Kernel32'

================= build Complete ====================


================= Disk Image Build Start =================

./ImageMaker.exe 00.BootLoader/BootLoader.bin 01.Kernel32/Kernel32.bin
[INFO] Copy Boot loader to image file
[INFO] File size is aligned 512Byte
[INFO] 00.BootLoader/BootLoader.bin size = [512] and sector count = [1]
[INFO] Copy protected mode kernel to image file
[INFO] File size [1267] and fill [269] byte
[INFO] 01.Kernel32/Kernel32.bin size = [1267] and sector count = [3]
[INFO] Start to write kernel information
[INFO] Total sector count except boot loader [3]
[INFO] Imeage file create complete

================= All Build Complete =================

23:14:32 **** Incremental Build of configuration Default for project testOS ****
make all 

================= Build Boot Loader =================

make -C 00.BootLoader
make[1]: Entering directory '/cygdrive/z/OS/testOS/00.BootLoader'
make[1]: Nothing to be done for 'all'.
make[1]: Leaving directory '/cygdrive/z/OS/testOS/00.BootLoader'

================= Build Complete =================


================= Build 32bit Kernel ===================

make -C 01.Kernel32
make[1]: Entering directory '/cygdrive/z/OS/testOS/01.Kernel32'
mkdir -p Temp
=== Make Dependancy File ===
make -C Temp -f ../makefile InternalDependency
make[2]: Entering directory '/cygdrive/z/OS/testOS/01.Kernel32/Temp'
x86_64-pc-linux-gcc.exe -c -m32 -ffreestanding -MM ../Source/Main.c > Dependency.dep
cygwin warning:
  MS-DOS style path detected: Z:\OS\testOS\
  Preferred POSIX equivalent is: /cygdrive/z/OS/testOS/
  CYGWIN environment variable option "nodosfilewarning" turns off this warning.
  Consult the user's guide for more details about POSIX paths:
    http://cygwin.com/cygwin-ug-net/using.html#using-pathnames
make[2]: Leaving directory '/cygdrive/z/OS/testOS/01.Kernel32/Temp'
=== Dependancy Search Complete ===
make -C Temp -f ../makefile Kernel32.elf
make[2]: Entering directory '/cygdrive/z/OS/testOS/01.Kernel32/Temp'
x86_64-pc-linux-gcc.exe -c -m32 -ffreestanding -c ../Source/Main.c
x86_64-pc-linux-ld.exe -melf_i386 -T ../elf_i386.x -nostdlib -e Main -Ttext 0x10200 -o Kernel32.elf Main.o
make[2]: Leaving directory '/cygdrive/z/OS/testOS/01.Kernel32/Temp'
x86_64-pc-linux-objcopy -j .text -j .data -j .rodata -j .bss -S -O binary Temp/Kernel32.elf Temp/Kernel32.elf.bin
cat Temp/EntryPoint.bin Temp/Kernel32.elf.bin > Kernel32.bin
make[1]: Leaving directory '/cygdrive/z/OS/testOS/01.Kernel32'

================= build Complete ====================


================= Disk Image Build Start =================

./ImageMaker.exe 00.BootLoader/BootLoader.bin 01.Kernel32/Kernel32.bin
[INFO] Copy Boot loader to image file
[INFO] File size is aligned 512Byte
[INFO] 00.BootLoader/BootLoader.bin size = [512] and sector count = [1]
[INFO] Copy protected mode kernel to image file
[INFO] File size [1267] and fill [269] byte
[INFO] 01.Kernel32/Kernel32.bin size = [1267] and sector count = [3]
[INFO] Start to write kernel information
[INFO] Total sector count except boot loader [3]
[INFO] Imeage file create complete

================= All Build Complete =================

23:15:46 **** Incremental Build of configuration Default for project testOS ****
make all 

================= Build Boot Loader =================

make -C 00.BootLoader
make[1]: Entering directory '/cygdrive/z/OS/testOS/00.BootLoader'
make[1]: Nothing to be done for 'all'.
make[1]: Leaving directory '/cygdrive/z/OS/testOS/00.BootLoader'

================= Build Complete =================


================= Build 32bit Kernel ===================

make -C 01.Kernel32
make[1]: Entering directory '/cygdrive/z/OS/testOS/01.Kernel32'
mkdir -p Temp
=== Make Dependancy File ===
make -C Temp -f ../makefile InternalDependency
make[2]: Entering directory '/cygdrive/z/OS/testOS/01.Kernel32/Temp'
x86_64-pc-linux-gcc.exe -c -m32 -ffreestanding -MM ../Source/Main.c > Dependency.dep
cygwin warning:
  MS-DOS style path detected: Z:\OS\testOS\
  Preferred POSIX equivalent is: /cygdrive/z/OS/testOS/
  CYGWIN environment variable option "nodosfilewarning" turns off this warning.
  Consult the user's guide for more details about POSIX paths:
    http://cygwin.com/cygwin-ug-net/using.html#using-pathnames
make[2]: Leaving directory '/cygdrive/z/OS/testOS/01.Kernel32/Temp'
=== Dependancy Search Complete ===
make -C Temp -f ../makefile Kernel32.elf
make[2]: Entering directory '/cygdrive/z/OS/testOS/01.Kernel32/Temp'
x86_64-pc-linux-gcc.exe -c -m32 -ffreestanding -c ../Source/Main.c
x86_64-pc-linux-ld.exe -melf_i386 -T ../elf_i386.x -nostdlib -e Main -Ttext 0x10200 -o Kernel32.elf Main.o
make[2]: Leaving directory '/cygdrive/z/OS/testOS/01.Kernel32/Temp'
x86_64-pc-linux-objcopy -j .text -j .data -j .rodata -j .bss -S -O binary Temp/Kernel32.elf Temp/Kernel32.elf.bin
cat Temp/EntryPoint.bin Temp/Kernel32.elf.bin > Kernel32.bin
make[1]: Leaving directory '/cygdrive/z/OS/testOS/01.Kernel32'

================= build Complete ====================


================= Disk Image Build Start =================

./ImageMaker.exe 00.BootLoader/BootLoader.bin 01.Kernel32/Kernel32.bin
[INFO] Copy Boot loader to image file
[INFO] File size is aligned 512Byte
[INFO] 00.BootLoader/BootLoader.bin size = [512] and sector count = [1]
[INFO] Copy protected mode kernel to image file
[INFO] File size [1267] and fill [269] byte
[INFO] 01.Kernel32/Kernel32.bin size = [1267] and sector count = [3]
[INFO] Start to write kernel information
[INFO] Total sector count except boot loader [3]
[INFO] Imeage file create complete

================= All Build Complete =================

